{"/home/travis/build/npmtest/node-npmtest-node-http-server/test.js":{"path":"/home/travis/build/npmtest/node-npmtest-node-http-server/test.js","s":{"1":2,"2":2,"3":2,"4":2,"5":2,"6":2,"7":2,"8":1,"9":2,"10":2,"11":1,"12":1,"13":1,"14":1,"15":2,"16":2,"17":2,"18":2,"19":1,"20":1,"21":2,"22":2,"23":2,"24":1,"25":1,"26":1,"27":1,"28":1,"29":1,"30":1,"31":1,"32":1,"33":1,"34":1,"35":1,"36":1,"37":1,"38":1,"39":2,"40":2,"41":1,"42":2,"43":2,"44":1,"45":2,"46":2,"47":1,"48":2,"49":2,"50":1,"51":1,"52":1,"53":1,"54":1},"b":{"1":[2,1,1,1],"2":[1,1,1,1],"3":[1,1],"4":[1,1],"5":[1,1],"6":[1,1],"7":[1,1],"8":[1,1],"9":[1,1],"10":[1,1,1],"11":[1,1],"12":[1,1],"13":[1,1],"14":[1,1],"15":[1,1],"16":[1,1],"17":[1,1]},"f":{"1":2,"2":2,"3":2,"4":2,"5":2,"6":1,"7":1,"8":1,"9":2,"10":2,"11":2,"12":2,"13":1},"fnMap":{"1":{"name":"(anonymous_1)","line":12,"loc":{"start":{"line":12,"column":1},"end":{"line":12,"column":13}}},"2":{"name":"(anonymous_2)","line":19,"loc":{"start":{"line":19,"column":5},"end":{"line":19,"column":17}}},"3":{"name":"(anonymous_3)","line":23,"loc":{"start":{"line":23,"column":24},"end":{"line":23,"column":36}}},"4":{"name":"(anonymous_4)","line":61,"loc":{"start":{"line":61,"column":5},"end":{"line":61,"column":17}}},"5":{"name":"(anonymous_5)","line":82,"loc":{"start":{"line":82,"column":5},"end":{"line":82,"column":17}}},"6":{"name":"(anonymous_6)","line":91,"loc":{"start":{"line":91,"column":77},"end":{"line":94,"column":10}}},"7":{"name":"(anonymous_7)","line":112,"loc":{"start":{"line":112,"column":83},"end":{"line":115,"column":10}},"skip":true},"8":{"name":"(anonymous_8)","line":123,"loc":{"start":{"line":123,"column":77},"end":{"line":126,"column":10}},"skip":true},"9":{"name":"(anonymous_9)","line":139,"loc":{"start":{"line":139,"column":12},"end":{"line":139,"column":40}},"skip":true},"10":{"name":"(anonymous_10)","line":147,"loc":{"start":{"line":147,"column":77},"end":{"line":150,"column":10}},"skip":true},"11":{"name":"(anonymous_11)","line":158,"loc":{"start":{"line":158,"column":83},"end":{"line":161,"column":10}},"skip":true},"12":{"name":"(anonymous_12)","line":169,"loc":{"start":{"line":169,"column":79},"end":{"line":172,"column":10}},"skip":true},"13":{"name":"(anonymous_13)","line":180,"loc":{"start":{"line":180,"column":75},"end":{"line":183,"column":10}},"skip":true}},"statementMap":{"1":{"start":{"line":12,"column":0},"end":{"line":195,"column":5}},"2":{"start":{"line":14,"column":4},"end":{"line":14,"column":14}},"3":{"start":{"line":19,"column":4},"end":{"line":56,"column":9}},"4":{"start":{"line":21,"column":8},"end":{"line":21,"column":19}},"5":{"start":{"line":23,"column":8},"end":{"line":35,"column":13}},"6":{"start":{"line":24,"column":12},"end":{"line":34,"column":13}},"7":{"start":{"line":25,"column":16},"end":{"line":28,"column":30}},"8":{"start":{"line":30,"column":16},"end":{"line":33,"column":27}},"9":{"start":{"line":37,"column":8},"end":{"line":39,"column":21}},"10":{"start":{"line":40,"column":8},"end":{"line":53,"column":9}},"11":{"start":{"line":43,"column":12},"end":{"line":46,"column":14}},"12":{"start":{"line":47,"column":12},"end":{"line":47,"column":18}},"13":{"start":{"line":50,"column":12},"end":{"line":51,"column":33}},"14":{"start":{"line":52,"column":12},"end":{"line":52,"column":18}},"15":{"start":{"line":55,"column":8},"end":{"line":55,"column":35}},"16":{"start":{"line":61,"column":4},"end":{"line":63,"column":9}},"17":{"start":{"line":62,"column":8},"end":{"line":62,"column":15}},"18":{"start":{"line":64,"column":4},"end":{"line":77,"column":5}},"19":{"start":{"line":70,"column":8},"end":{"line":70,"column":14}},"20":{"start":{"line":76,"column":8},"end":{"line":76,"column":14}},"21":{"start":{"line":82,"column":4},"end":{"line":84,"column":9}},"22":{"start":{"line":83,"column":8},"end":{"line":83,"column":15}},"23":{"start":{"line":85,"column":4},"end":{"line":194,"column":5}},"24":{"start":{"line":91,"column":8},"end":{"line":99,"column":10}},"25":{"start":{"line":98,"column":12},"end":{"line":98,"column":35}},"26":{"start":{"line":102,"column":8},"end":{"line":104,"column":63}},"27":{"start":{"line":105,"column":8},"end":{"line":105,"column":14}},"28":{"start":{"line":112,"column":8},"end":{"line":121,"column":10},"skip":true},"29":{"start":{"line":119,"column":12},"end":{"line":119,"column":55},"skip":true},"30":{"start":{"line":120,"column":12},"end":{"line":120,"column":48},"skip":true},"31":{"start":{"line":123,"column":8},"end":{"line":136,"column":10},"skip":true},"32":{"start":{"line":130,"column":12},"end":{"line":130,"column":76},"skip":true},"33":{"start":{"line":131,"column":12},"end":{"line":131,"column":73},"skip":true},"34":{"start":{"line":132,"column":12},"end":{"line":132,"column":74},"skip":true},"35":{"start":{"line":133,"column":12},"end":{"line":133,"column":79},"skip":true},"36":{"start":{"line":134,"column":12},"end":{"line":134,"column":25},"skip":true},"37":{"start":{"line":135,"column":12},"end":{"line":135,"column":45},"skip":true},"38":{"start":{"line":138,"column":8},"end":{"line":145,"column":14},"skip":true},"39":{"start":{"line":143,"column":16},"end":{"line":143,"column":29},"skip":true},"40":{"start":{"line":144,"column":16},"end":{"line":144,"column":55},"skip":true},"41":{"start":{"line":147,"column":8},"end":{"line":156,"column":10},"skip":true},"42":{"start":{"line":154,"column":12},"end":{"line":154,"column":25},"skip":true},"43":{"start":{"line":155,"column":12},"end":{"line":155,"column":45},"skip":true},"44":{"start":{"line":158,"column":8},"end":{"line":167,"column":10},"skip":true},"45":{"start":{"line":165,"column":12},"end":{"line":165,"column":25},"skip":true},"46":{"start":{"line":166,"column":12},"end":{"line":166,"column":48},"skip":true},"47":{"start":{"line":169,"column":8},"end":{"line":178,"column":10},"skip":true},"48":{"start":{"line":176,"column":12},"end":{"line":176,"column":25},"skip":true},"49":{"start":{"line":177,"column":12},"end":{"line":177,"column":46},"skip":true},"50":{"start":{"line":180,"column":8},"end":{"line":189,"column":10},"skip":true},"51":{"start":{"line":187,"column":12},"end":{"line":187,"column":94},"skip":true},"52":{"start":{"line":188,"column":12},"end":{"line":188,"column":48},"skip":true},"53":{"start":{"line":192,"column":8},"end":{"line":192,"column":35},"skip":true},"54":{"start":{"line":193,"column":8},"end":{"line":193,"column":14},"skip":true}},"branchMap":{"1":{"line":25,"type":"binary-expr","locations":[{"start":{"line":25,"column":23},"end":{"line":25,"column":62}},{"start":{"line":26,"column":20},"end":{"line":26,"column":70}},{"start":{"line":27,"column":20},"end":{"line":27,"column":71}},{"start":{"line":28,"column":20},"end":{"line":28,"column":29}}]},"2":{"line":30,"type":"binary-expr","locations":[{"start":{"line":30,"column":23},"end":{"line":30,"column":37}},{"start":{"line":31,"column":20},"end":{"line":31,"column":61}},{"start":{"line":32,"column":20},"end":{"line":32,"column":70}},{"start":{"line":33,"column":20},"end":{"line":33,"column":26}}]},"3":{"line":37,"type":"cond-expr","locations":[{"start":{"line":38,"column":14},"end":{"line":38,"column":20}},{"start":{"line":39,"column":14},"end":{"line":39,"column":20}}]},"4":{"line":40,"type":"switch","locations":[{"start":{"line":42,"column":8},"end":{"line":47,"column":18}},{"start":{"line":49,"column":8},"end":{"line":52,"column":18}}]},"5":{"line":44,"type":"binary-expr","locations":[{"start":{"line":44,"column":16},"end":{"line":44,"column":44}},{"start":{"line":44,"column":48},"end":{"line":44,"column":66}}]},"6":{"line":50,"type":"binary-expr","locations":[{"start":{"line":50,"column":21},"end":{"line":50,"column":49}},{"start":{"line":50,"column":53},"end":{"line":50,"column":72}}]},"7":{"line":64,"type":"switch","locations":[{"start":{"line":69,"column":4},"end":{"line":70,"column":14}},{"start":{"line":75,"column":4},"end":{"line":76,"column":14}}]},"8":{"line":85,"type":"switch","locations":[{"start":{"line":90,"column":4},"end":{"line":105,"column":14}},{"start":{"line":111,"column":4},"end":{"line":193,"column":14},"skip":true}]},"9":{"line":91,"type":"binary-expr","locations":[{"start":{"line":91,"column":42},"end":{"line":91,"column":73}},{"start":{"line":91,"column":77},"end":{"line":99,"column":9}}]},"10":{"line":102,"type":"binary-expr","locations":[{"start":{"line":102,"column":18},"end":{"line":102,"column":32}},{"start":{"line":103,"column":12},"end":{"line":103,"column":53}},{"start":{"line":104,"column":12},"end":{"line":104,"column":61}}]},"11":{"line":112,"type":"binary-expr","locations":[{"start":{"line":112,"column":45},"end":{"line":112,"column":79},"skip":true},{"start":{"line":112,"column":83},"end":{"line":121,"column":9},"skip":true}]},"12":{"line":123,"type":"binary-expr","locations":[{"start":{"line":123,"column":42},"end":{"line":123,"column":73},"skip":true},{"start":{"line":123,"column":77},"end":{"line":136,"column":9},"skip":true}]},"13":{"line":138,"type":"binary-expr","locations":[{"start":{"line":138,"column":48},"end":{"line":138,"column":85},"skip":true},{"start":{"line":139,"column":12},"end":{"line":145,"column":13},"skip":true}]},"14":{"line":147,"type":"binary-expr","locations":[{"start":{"line":147,"column":42},"end":{"line":147,"column":73},"skip":true},{"start":{"line":147,"column":77},"end":{"line":156,"column":9},"skip":true}]},"15":{"line":158,"type":"binary-expr","locations":[{"start":{"line":158,"column":45},"end":{"line":158,"column":79},"skip":true},{"start":{"line":158,"column":83},"end":{"line":167,"column":9},"skip":true}]},"16":{"line":169,"type":"binary-expr","locations":[{"start":{"line":169,"column":43},"end":{"line":169,"column":75},"skip":true},{"start":{"line":169,"column":79},"end":{"line":178,"column":9},"skip":true}]},"17":{"line":180,"type":"binary-expr","locations":[{"start":{"line":180,"column":41},"end":{"line":180,"column":71},"skip":true},{"start":{"line":180,"column":75},"end":{"line":189,"column":9},"skip":true}]}},"code":["/* istanbul instrument in package npmtest_node_http_server */","/*jslint","    bitwise: true,","    browser: true,","    maxerr: 8,","    maxlen: 96,","    node: true,","    nomen: true,","    regexp: true,","    stupid: true","*/","(function () {","    'use strict';","    var local;","","","","    // run shared js-env code - init-before","    (function () {","        // init local","        local = {};","        // init modeJs","        local.modeJs = (function () {","            try {","                return typeof navigator.userAgent === 'string' &&","                    typeof document.querySelector('body') === 'object' &&","                    typeof XMLHttpRequest.prototype.open === 'function' &&","                    'browser';","            } catch (errorCaughtBrowser) {","                return module.exports &&","                    typeof process.versions.node === 'string' &&","                    typeof require('http').createServer === 'function' &&","                    'node';","            }","        }());","        // init global","        local.global = local.modeJs === 'browser'","            ? window","            : global;","        switch (local.modeJs) {","        // re-init local from window.local","        case 'browser':","            local = local.global.utility2.objectSetDefault(","                local.global.utility2_rollup || local.global.local,","                local.global.utility2","            );","            break;","        // re-init local from example.js","        case 'node':","            local = (local.global.utility2_rollup || require('utility2'))","                .requireReadme();","            break;","        }","        // export local","        local.global.local = local;","    }());","","","","    // run shared js-env code - function","    (function () {","        return;","    }());","    switch (local.modeJs) {","","","","    // run browser js-env code - function","    case 'browser':","        break;","","","","    // run node js-env code - function","    case 'node':","        break;","    }","","","","    // run shared js-env code - init-after","    (function () {","        return;","    }());","    switch (local.modeJs) {","","","","    // run browser js-env code - init-after","    case 'browser':","        local.testCase_browser_nullCase = local.testCase_browser_nullCase || function (","            options,","            onError","        ) {","        /*","         * this function will test browsers's null-case handling-behavior-behavior","         */","            onError(null, options);","        };","","        // run tests","        local.nop(local.modeTest &&","            document.querySelector('#testRunButton1') &&","            document.querySelector('#testRunButton1').click());","        break;","","","","    // run node js-env code - init-after","    /* istanbul ignore next */","    case 'node':","        local.testCase_buildApidoc_default = local.testCase_buildApidoc_default || function (","            options,","            onError","        ) {","        /*","         * this function will test buildApidoc's default handling-behavior-behavior","         */","            options = { modulePathList: module.paths };","            local.buildApidoc(options, onError);","        };","","        local.testCase_buildApp_default = local.testCase_buildApp_default || function (","            options,","            onError","        ) {","        /*","         * this function will test buildApp's default handling-behavior-behavior","         */","            local.testCase_buildReadme_default(options, local.onErrorThrow);","            local.testCase_buildLib_default(options, local.onErrorThrow);","            local.testCase_buildTest_default(options, local.onErrorThrow);","            local.testCase_buildCustomOrg_default(options, local.onErrorThrow);","            options = [];","            local.buildApp(options, onError);","        };","","        local.testCase_buildCustomOrg_default = local.testCase_buildCustomOrg_default ||","            function (options, onError) {","            /*","             * this function will test buildCustomOrg's default handling-behavior","             */","                options = {};","                local.buildCustomOrg(options, onError);","            };","","        local.testCase_buildLib_default = local.testCase_buildLib_default || function (","            options,","            onError","        ) {","        /*","         * this function will test buildLib's default handling-behavior","         */","            options = {};","            local.buildLib(options, onError);","        };","","        local.testCase_buildReadme_default = local.testCase_buildReadme_default || function (","            options,","            onError","        ) {","        /*","         * this function will test buildReadme's default handling-behavior-behavior","         */","            options = {};","            local.buildReadme(options, onError);","        };","","        local.testCase_buildTest_default = local.testCase_buildTest_default || function (","            options,","            onError","        ) {","        /*","         * this function will test buildTest's default handling-behavior","         */","            options = {};","            local.buildTest(options, onError);","        };","","        local.testCase_webpage_default = local.testCase_webpage_default || function (","            options,","            onError","        ) {","        /*","         * this function will test webpage's default handling-behavior","         */","            options = { modeCoverageMerge: true, url: local.serverLocalHost + '?modeTest=1' };","            local.browserTest(options, onError);","        };","","        // run test-server","        local.testRunServer(local);","        break;","    }","}());",""],"l":{"12":2,"14":2,"19":2,"21":2,"23":2,"24":2,"25":2,"30":1,"37":2,"40":2,"43":1,"47":1,"50":1,"52":1,"55":2,"61":2,"62":2,"64":2,"70":1,"76":1,"82":2,"83":2,"85":2,"91":1,"98":1,"102":1,"105":1,"112":1,"119":1,"120":1,"123":1,"130":1,"131":1,"132":1,"133":1,"134":1,"135":1,"138":1,"143":2,"144":2,"147":1,"154":2,"155":2,"158":1,"165":2,"166":2,"169":1,"176":2,"177":2,"180":1,"187":1,"188":1,"192":1,"193":1}},"/home/travis/build/npmtest/node-npmtest-node-http-server/lib.npmtest_node_http_server.js":{"path":"/home/travis/build/npmtest/node-npmtest-node-http-server/lib.npmtest_node_http_server.js","s":{"1":2,"2":2,"3":2,"4":2,"5":2,"6":2,"7":2,"8":1,"9":2,"10":2,"11":2,"12":2,"13":1,"14":1,"15":1,"16":1},"b":{"1":[2,1,1,1],"2":[1,1,1,1],"3":[1,1],"4":[2,2],"5":[1,1]},"f":{"1":2,"2":2,"3":2},"fnMap":{"1":{"name":"(anonymous_1)","line":12,"loc":{"start":{"line":12,"column":1},"end":{"line":12,"column":13}}},"2":{"name":"(anonymous_2)","line":19,"loc":{"start":{"line":19,"column":5},"end":{"line":19,"column":17}}},"3":{"name":"(anonymous_3)","line":23,"loc":{"start":{"line":23,"column":24},"end":{"line":23,"column":36}}}},"statementMap":{"1":{"start":{"line":12,"column":0},"end":{"line":53,"column":5}},"2":{"start":{"line":14,"column":4},"end":{"line":14,"column":14}},"3":{"start":{"line":19,"column":4},"end":{"line":52,"column":9}},"4":{"start":{"line":21,"column":8},"end":{"line":21,"column":19}},"5":{"start":{"line":23,"column":8},"end":{"line":35,"column":13}},"6":{"start":{"line":24,"column":12},"end":{"line":34,"column":13}},"7":{"start":{"line":25,"column":16},"end":{"line":28,"column":30}},"8":{"start":{"line":30,"column":16},"end":{"line":33,"column":27}},"9":{"start":{"line":37,"column":8},"end":{"line":39,"column":21}},"10":{"start":{"line":41,"column":8},"end":{"line":41,"column":54}},"11":{"start":{"line":43,"column":8},"end":{"line":43,"column":61}},"12":{"start":{"line":45,"column":8},"end":{"line":51,"column":9}},"13":{"start":{"line":46,"column":12},"end":{"line":46,"column":67}},"14":{"start":{"line":48,"column":12},"end":{"line":48,"column":35}},"15":{"start":{"line":49,"column":12},"end":{"line":49,"column":49}},"16":{"start":{"line":50,"column":12},"end":{"line":50,"column":43}}},"branchMap":{"1":{"line":25,"type":"binary-expr","locations":[{"start":{"line":25,"column":23},"end":{"line":25,"column":62}},{"start":{"line":26,"column":20},"end":{"line":26,"column":70}},{"start":{"line":27,"column":20},"end":{"line":27,"column":71}},{"start":{"line":28,"column":20},"end":{"line":28,"column":29}}]},"2":{"line":30,"type":"binary-expr","locations":[{"start":{"line":30,"column":23},"end":{"line":30,"column":37}},{"start":{"line":31,"column":20},"end":{"line":31,"column":61}},{"start":{"line":32,"column":20},"end":{"line":32,"column":70}},{"start":{"line":33,"column":20},"end":{"line":33,"column":26}}]},"3":{"line":37,"type":"cond-expr","locations":[{"start":{"line":38,"column":14},"end":{"line":38,"column":20}},{"start":{"line":39,"column":14},"end":{"line":39,"column":20}}]},"4":{"line":41,"type":"binary-expr","locations":[{"start":{"line":41,"column":16},"end":{"line":41,"column":44}},{"start":{"line":41,"column":48},"end":{"line":41,"column":53}}]},"5":{"line":45,"type":"if","locations":[{"start":{"line":45,"column":8},"end":{"line":45,"column":8}},{"start":{"line":45,"column":8},"end":{"line":45,"column":8}}]}},"code":["/* istanbul instrument in package npmtest_node_http_server */","/*jslint","    bitwise: true,","    browser: true,","    maxerr: 8,","    maxlen: 96,","    node: true,","    nomen: true,","    regexp: true,","    stupid: true","*/","(function () {","    'use strict';","    var local;","","","","    // run shared js-env code - init-before","    (function () {","        // init local","        local = {};","        // init modeJs","        local.modeJs = (function () {","            try {","                return typeof navigator.userAgent === 'string' &&","                    typeof document.querySelector('body') === 'object' &&","                    typeof XMLHttpRequest.prototype.open === 'function' &&","                    'browser';","            } catch (errorCaughtBrowser) {","                return module.exports &&","                    typeof process.versions.node === 'string' &&","                    typeof require('http').createServer === 'function' &&","                    'node';","            }","        }());","        // init global","        local.global = local.modeJs === 'browser'","            ? window","            : global;","        // init utility2_rollup","        local = local.global.utility2_rollup || local;","        // init lib","        local.local = local.npmtest_node_http_server = local;","        // init exports","        if (local.modeJs === 'browser') {","            local.global.utility2_npmtest_node_http_server = local;","        } else {","            module.exports = local;","            module.exports.__dirname = __dirname;","            module.exports.module = module;","        }","    }());","}());",""],"l":{"12":2,"14":2,"19":2,"21":2,"23":2,"24":2,"25":2,"30":1,"37":2,"41":2,"43":2,"45":2,"46":1,"48":1,"49":1,"50":1}},"/home/travis/build/npmtest/node-npmtest-node-http-server/example.js":{"path":"/home/travis/build/npmtest/node-npmtest-node-http-server/example.js","s":{"1":2,"2":2,"3":2,"4":2,"5":2,"6":2,"7":2,"8":1,"9":2,"10":2,"11":2,"12":2,"13":1,"14":2,"15":2,"16":2,"17":2,"18":2,"19":0,"20":2,"21":1,"22":1,"23":1,"24":1,"25":1,"26":0,"27":0,"28":1,"29":1,"30":2,"31":0,"32":0,"33":0,"34":1,"35":2,"36":2,"37":3,"38":3,"39":3,"40":3,"41":0,"42":3,"43":3,"44":3,"45":1,"46":3,"47":1,"48":1,"49":1,"50":1,"51":1,"52":1,"53":1,"54":1,"55":1,"56":1,"57":0,"58":1,"59":6,"60":6,"61":1,"62":2,"63":0,"64":2,"65":1,"66":1,"67":0,"68":0,"69":0,"70":0,"71":0,"72":0,"73":0,"74":0,"75":0,"76":0,"77":0,"78":0,"79":0,"80":0,"81":0,"82":0,"83":0},"b":{"1":[2,1,1,1],"2":[1,1,1,1],"3":[1,1],"4":[2,2],"5":[1,1],"6":[1,1],"7":[2,0],"8":[2,1,1,1,1,1],"9":[0,2,0],"10":[1,1],"11":[2,1,1],"12":[1,0],"13":[0,2],"14":[2,0,0,0,0,0,0],"15":[0,3],"16":[3,0],"17":[1,1],"18":[0,1],"19":[1,2,0,2],"20":[1,0],"21":[1,1],"22":[0,0],"23":[0,0],"24":[0,0],"25":[0,0],"26":[0,0],"27":[0,0],"28":[0,0]},"f":{"1":2,"2":2,"3":2,"4":2,"5":2,"6":2,"7":3,"8":3,"9":3,"10":1,"11":6,"12":0},"fnMap":{"1":{"name":"(anonymous_1)","line":26,"loc":{"start":{"line":26,"column":1},"end":{"line":26,"column":13}}},"2":{"name":"(anonymous_2)","line":33,"loc":{"start":{"line":33,"column":5},"end":{"line":33,"column":17}}},"3":{"name":"(anonymous_3)","line":37,"loc":{"start":{"line":37,"column":24},"end":{"line":37,"column":36}}},"4":{"name":"(anonymous_4)","line":69,"loc":{"start":{"line":69,"column":31},"end":{"line":69,"column":48}},"skip":true},"5":{"name":"(anonymous_5)","line":78,"loc":{"start":{"line":78,"column":26},"end":{"line":78,"column":45}},"skip":true},"6":{"name":"(anonymous_6)","line":123,"loc":{"start":{"line":123,"column":33},"end":{"line":123,"column":48}},"skip":true},"7":{"name":"(anonymous_7)","line":125,"loc":{"start":{"line":125,"column":27},"end":{"line":125,"column":39}},"skip":true},"8":{"name":"(anonymous_8)","line":133,"loc":{"start":{"line":133,"column":59},"end":{"line":133,"column":74}},"skip":true},"9":{"name":"(anonymous_9)","line":143,"loc":{"start":{"line":143,"column":45},"end":{"line":143,"column":62}},"skip":true},"10":{"name":"(anonymous_10)","line":144,"loc":{"start":{"line":144,"column":73},"end":{"line":144,"column":92}},"skip":true},"11":{"name":"(anonymous_11)","line":272,"loc":{"start":{"line":272,"column":51},"end":{"line":272,"column":77}},"skip":true},"12":{"name":"(anonymous_12)","line":315,"loc":{"start":{"line":315,"column":32},"end":{"line":315,"column":61}},"skip":true}},"statementMap":{"1":{"start":{"line":26,"column":0},"end":{"line":326,"column":5}},"2":{"start":{"line":28,"column":4},"end":{"line":28,"column":14}},"3":{"start":{"line":33,"column":4},"end":{"line":60,"column":9}},"4":{"start":{"line":35,"column":8},"end":{"line":35,"column":19}},"5":{"start":{"line":37,"column":8},"end":{"line":49,"column":13}},"6":{"start":{"line":38,"column":12},"end":{"line":48,"column":13}},"7":{"start":{"line":39,"column":16},"end":{"line":42,"column":30}},"8":{"start":{"line":44,"column":16},"end":{"line":47,"column":27}},"9":{"start":{"line":51,"column":8},"end":{"line":53,"column":21}},"10":{"start":{"line":55,"column":8},"end":{"line":57,"column":45}},"11":{"start":{"line":59,"column":8},"end":{"line":59,"column":35}},"12":{"start":{"line":61,"column":4},"end":{"line":325,"column":5}},"13":{"start":{"line":69,"column":8},"end":{"line":121,"column":10},"skip":true},"14":{"start":{"line":70,"column":12},"end":{"line":88,"column":13},"skip":true},"15":{"start":{"line":76,"column":16},"end":{"line":87,"column":19},"skip":true},"16":{"start":{"line":79,"column":20},"end":{"line":86,"column":21},"skip":true},"17":{"start":{"line":82,"column":24},"end":{"line":82,"column":43},"skip":true},"18":{"start":{"line":83,"column":24},"end":{"line":83,"column":30},"skip":true},"19":{"start":{"line":85,"column":24},"end":{"line":85,"column":49},"skip":true},"20":{"start":{"line":89,"column":12},"end":{"line":107,"column":13},"skip":true},"21":{"start":{"line":92,"column":16},"end":{"line":102,"column":17},"skip":true},"22":{"start":{"line":93,"column":20},"end":{"line":93,"column":86},"skip":true},"23":{"start":{"line":94,"column":20},"end":{"line":95,"column":45},"skip":true},"24":{"start":{"line":96,"column":20},"end":{"line":96,"column":42},"skip":true},"25":{"start":{"line":97,"column":20},"end":{"line":97,"column":48},"skip":true},"26":{"start":{"line":100,"column":20},"end":{"line":100,"column":85},"skip":true},"27":{"start":{"line":101,"column":20},"end":{"line":101,"column":96},"skip":true},"28":{"start":{"line":103,"column":16},"end":{"line":103,"column":22},"skip":true},"29":{"start":{"line":106,"column":16},"end":{"line":106,"column":22},"skip":true},"30":{"start":{"line":108,"column":12},"end":{"line":120,"column":13},"skip":true},"31":{"start":{"line":114,"column":16},"end":{"line":119,"column":17},"skip":true},"32":{"start":{"line":116,"column":20},"end":{"line":116,"column":78},"skip":true},"33":{"start":{"line":118,"column":20},"end":{"line":118,"column":47},"skip":true},"34":{"start":{"line":123,"column":8},"end":{"line":141,"column":11},"skip":true},"35":{"start":{"line":124,"column":12},"end":{"line":124,"column":54},"skip":true},"36":{"start":{"line":125,"column":12},"end":{"line":140,"column":14},"skip":true},"37":{"start":{"line":126,"column":16},"end":{"line":126,"column":28},"skip":true},"38":{"start":{"line":127,"column":16},"end":{"line":127,"column":69},"skip":true},"39":{"start":{"line":128,"column":16},"end":{"line":128,"column":75},"skip":true},"40":{"start":{"line":129,"column":16},"end":{"line":131,"column":17},"skip":true},"41":{"start":{"line":130,"column":20},"end":{"line":130,"column":27},"skip":true},"42":{"start":{"line":133,"column":16},"end":{"line":137,"column":36},"skip":true},"43":{"start":{"line":134,"column":20},"end":{"line":136,"column":55},"skip":true},"44":{"start":{"line":139,"column":16},"end":{"line":139,"column":57},"skip":true},"45":{"start":{"line":143,"column":8},"end":{"line":147,"column":11},"skip":true},"46":{"start":{"line":144,"column":12},"end":{"line":146,"column":15},"skip":true},"47":{"start":{"line":145,"column":16},"end":{"line":145,"column":70},"skip":true},"48":{"start":{"line":149,"column":8},"end":{"line":149,"column":31},"skip":true},"49":{"start":{"line":150,"column":8},"end":{"line":150,"column":14},"skip":true},"50":{"start":{"line":158,"column":8},"end":{"line":158,"column":31},"skip":true},"51":{"start":{"line":160,"column":8},"end":{"line":160,"column":33},"skip":true},"52":{"start":{"line":161,"column":8},"end":{"line":161,"column":37},"skip":true},"53":{"start":{"line":162,"column":8},"end":{"line":162,"column":35},"skip":true},"54":{"start":{"line":164,"column":8},"end":{"line":164,"column":50},"skip":true},"55":{"start":{"line":166,"column":8},"end":{"line":256,"column":2},"skip":true},"56":{"start":{"line":258,"column":8},"end":{"line":286,"column":9},"skip":true},"57":{"start":{"line":259,"column":12},"end":{"line":269,"column":14},"skip":true},"58":{"start":{"line":271,"column":12},"end":{"line":285,"column":19},"skip":true},"59":{"start":{"line":274,"column":20},"end":{"line":274,"column":35},"skip":true},"60":{"start":{"line":275,"column":20},"end":{"line":284,"column":21},"skip":true},"61":{"start":{"line":277,"column":24},"end":{"line":277,"column":64},"skip":true},"62":{"start":{"line":279,"column":24},"end":{"line":279,"column":40},"skip":true},"63":{"start":{"line":281,"column":24},"end":{"line":281,"column":40},"skip":true},"64":{"start":{"line":283,"column":24},"end":{"line":283,"column":39},"skip":true},"65":{"start":{"line":288,"column":8},"end":{"line":290,"column":9},"skip":true},"66":{"start":{"line":289,"column":12},"end":{"line":289,"column":18},"skip":true},"67":{"start":{"line":291,"column":8},"end":{"line":293,"column":54},"skip":true},"68":{"start":{"line":296,"column":8},"end":{"line":301,"column":37},"skip":true},"69":{"start":{"line":303,"column":8},"end":{"line":303,"column":82},"skip":true},"70":{"start":{"line":306,"column":8},"end":{"line":308,"column":9},"skip":true},"71":{"start":{"line":307,"column":12},"end":{"line":307,"column":82},"skip":true},"72":{"start":{"line":310,"column":8},"end":{"line":312,"column":9},"skip":true},"73":{"start":{"line":311,"column":12},"end":{"line":311,"column":18},"skip":true},"74":{"start":{"line":313,"column":8},"end":{"line":313,"column":54},"skip":true},"75":{"start":{"line":314,"column":8},"end":{"line":314,"column":69},"skip":true},"76":{"start":{"line":315,"column":8},"end":{"line":323,"column":36},"skip":true},"77":{"start":{"line":316,"column":12},"end":{"line":316,"column":61},"skip":true},"78":{"start":{"line":317,"column":12},"end":{"line":320,"column":13},"skip":true},"79":{"start":{"line":318,"column":16},"end":{"line":318,"column":75},"skip":true},"80":{"start":{"line":319,"column":16},"end":{"line":319,"column":23},"skip":true},"81":{"start":{"line":321,"column":12},"end":{"line":321,"column":38},"skip":true},"82":{"start":{"line":322,"column":12},"end":{"line":322,"column":27},"skip":true},"83":{"start":{"line":324,"column":8},"end":{"line":324,"column":14},"skip":true}},"branchMap":{"1":{"line":39,"type":"binary-expr","locations":[{"start":{"line":39,"column":23},"end":{"line":39,"column":62}},{"start":{"line":40,"column":20},"end":{"line":40,"column":70}},{"start":{"line":41,"column":20},"end":{"line":41,"column":71}},{"start":{"line":42,"column":20},"end":{"line":42,"column":29}}]},"2":{"line":44,"type":"binary-expr","locations":[{"start":{"line":44,"column":23},"end":{"line":44,"column":37}},{"start":{"line":45,"column":20},"end":{"line":45,"column":61}},{"start":{"line":46,"column":20},"end":{"line":46,"column":70}},{"start":{"line":47,"column":20},"end":{"line":47,"column":26}}]},"3":{"line":51,"type":"cond-expr","locations":[{"start":{"line":52,"column":14},"end":{"line":52,"column":20}},{"start":{"line":53,"column":14},"end":{"line":53,"column":20}}]},"4":{"line":55,"type":"binary-expr","locations":[{"start":{"line":55,"column":16},"end":{"line":55,"column":44}},{"start":{"line":55,"column":49},"end":{"line":57,"column":43}}]},"5":{"line":55,"type":"cond-expr","locations":[{"start":{"line":56,"column":14},"end":{"line":56,"column":60}},{"start":{"line":57,"column":14},"end":{"line":57,"column":43}}]},"6":{"line":61,"type":"switch","locations":[{"start":{"line":68,"column":4},"end":{"line":150,"column":14},"skip":true},{"start":{"line":156,"column":4},"end":{"line":324,"column":14},"skip":true}]},"7":{"line":70,"type":"if","locations":[{"start":{"line":70,"column":12},"end":{"line":70,"column":12},"skip":true},{"start":{"line":70,"column":12},"end":{"line":70,"column":12},"skip":true}]},"8":{"line":70,"type":"binary-expr","locations":[{"start":{"line":70,"column":16},"end":{"line":70,"column":22},"skip":true},{"start":{"line":70,"column":27},"end":{"line":70,"column":32},"skip":true},{"start":{"line":71,"column":20},"end":{"line":71,"column":39},"skip":true},{"start":{"line":72,"column":20},"end":{"line":72,"column":49},"skip":true},{"start":{"line":73,"column":20},"end":{"line":73,"column":58},"skip":true},{"start":{"line":74,"column":20},"end":{"line":74,"column":69},"skip":true}]},"9":{"line":79,"type":"switch","locations":[{"start":{"line":80,"column":20},"end":{"line":80,"column":33},"skip":true},{"start":{"line":81,"column":20},"end":{"line":83,"column":30},"skip":true},{"start":{"line":84,"column":20},"end":{"line":85,"column":49},"skip":true}]},"10":{"line":89,"type":"switch","locations":[{"start":{"line":90,"column":12},"end":{"line":103,"column":22},"skip":true},{"start":{"line":105,"column":12},"end":{"line":106,"column":22},"skip":true}]},"11":{"line":89,"type":"binary-expr","locations":[{"start":{"line":89,"column":20},"end":{"line":89,"column":25},"skip":true},{"start":{"line":89,"column":29},"end":{"line":89,"column":48},"skip":true},{"start":{"line":89,"column":52},"end":{"line":89,"column":74},"skip":true}]},"12":{"line":92,"type":"if","locations":[{"start":{"line":92,"column":16},"end":{"line":92,"column":16},"skip":true},{"start":{"line":92,"column":16},"end":{"line":92,"column":16},"skip":true}]},"13":{"line":108,"type":"if","locations":[{"start":{"line":108,"column":12},"end":{"line":108,"column":12},"skip":true},{"start":{"line":108,"column":12},"end":{"line":108,"column":12},"skip":true}]},"14":{"line":108,"type":"binary-expr","locations":[{"start":{"line":108,"column":16},"end":{"line":108,"column":61},"skip":true},{"start":{"line":108,"column":66},"end":{"line":108,"column":72},"skip":true},{"start":{"line":108,"column":77},"end":{"line":108,"column":82},"skip":true},{"start":{"line":109,"column":20},"end":{"line":109,"column":39},"skip":true},{"start":{"line":110,"column":20},"end":{"line":110,"column":49},"skip":true},{"start":{"line":111,"column":20},"end":{"line":111,"column":58},"skip":true},{"start":{"line":112,"column":20},"end":{"line":112,"column":68},"skip":true}]},"15":{"line":129,"type":"if","locations":[{"start":{"line":129,"column":16},"end":{"line":129,"column":16},"skip":true},{"start":{"line":129,"column":16},"end":{"line":129,"column":16},"skip":true}]},"16":{"line":134,"type":"cond-expr","locations":[{"start":{"line":135,"column":26},"end":{"line":135,"column":29},"skip":true},{"start":{"line":136,"column":26},"end":{"line":136,"column":54},"skip":true}]},"17":{"line":164,"type":"binary-expr","locations":[{"start":{"line":164,"column":27},"end":{"line":164,"column":43},"skip":true},{"start":{"line":164,"column":47},"end":{"line":164,"column":49},"skip":true}]},"18":{"line":258,"type":"if","locations":[{"start":{"line":258,"column":8},"end":{"line":258,"column":8},"skip":true},{"start":{"line":258,"column":8},"end":{"line":258,"column":8},"skip":true}]},"19":{"line":275,"type":"switch","locations":[{"start":{"line":276,"column":20},"end":{"line":277,"column":64},"skip":true},{"start":{"line":278,"column":20},"end":{"line":279,"column":40},"skip":true},{"start":{"line":280,"column":20},"end":{"line":281,"column":40},"skip":true},{"start":{"line":282,"column":20},"end":{"line":283,"column":39},"skip":true}]},"20":{"line":288,"type":"if","locations":[{"start":{"line":288,"column":8},"end":{"line":288,"column":8},"skip":true},{"start":{"line":288,"column":8},"end":{"line":288,"column":8},"skip":true}]},"21":{"line":288,"type":"binary-expr","locations":[{"start":{"line":288,"column":12},"end":{"line":288,"column":40},"skip":true},{"start":{"line":288,"column":44},"end":{"line":288,"column":67},"skip":true}]},"22":{"line":292,"type":"binary-expr","locations":[{"start":{"line":292,"column":12},"end":{"line":292,"column":50},"skip":true},{"start":{"line":293,"column":12},"end":{"line":293,"column":53},"skip":true}]},"23":{"line":297,"type":"binary-expr","locations":[{"start":{"line":297,"column":12},"end":{"line":297,"column":74},"skip":true},{"start":{"line":298,"column":12},"end":{"line":301,"column":36},"skip":true}]},"24":{"line":303,"type":"binary-expr","locations":[{"start":{"line":303,"column":43},"end":{"line":303,"column":75},"skip":true},{"start":{"line":303,"column":79},"end":{"line":303,"column":81},"skip":true}]},"25":{"line":306,"type":"if","locations":[{"start":{"line":306,"column":8},"end":{"line":306,"column":8},"skip":true},{"start":{"line":306,"column":8},"end":{"line":306,"column":8},"skip":true}]},"26":{"line":310,"type":"if","locations":[{"start":{"line":310,"column":8},"end":{"line":310,"column":8},"skip":true},{"start":{"line":310,"column":8},"end":{"line":310,"column":8},"skip":true}]},"27":{"line":313,"type":"binary-expr","locations":[{"start":{"line":313,"column":27},"end":{"line":313,"column":43},"skip":true},{"start":{"line":313,"column":47},"end":{"line":313,"column":53},"skip":true}]},"28":{"line":317,"type":"if","locations":[{"start":{"line":317,"column":12},"end":{"line":317,"column":12},"skip":true},{"start":{"line":317,"column":12},"end":{"line":317,"column":12},"skip":true}]}},"code":["/*","example.js","","quickstart example","","instruction","    1. save this script as example.js","    2. run the shell command:","        $ npm install npmtest-node-http-server && PORT=8081 node example.js","    3. play with the browser-demo on http://127.0.0.1:8081","*/","","","","/* istanbul instrument in package npmtest_node_http_server */","/*jslint","    bitwise: true,","    browser: true,","    maxerr: 8,","    maxlen: 96,","    node: true,","    nomen: true,","    regexp: true,","    stupid: true","*/","(function () {","    'use strict';","    var local;","","","","    // run shared js-env code - init-before","    (function () {","        // init local","        local = {};","        // init modeJs","        local.modeJs = (function () {","            try {","                return typeof navigator.userAgent === 'string' &&","                    typeof document.querySelector('body') === 'object' &&","                    typeof XMLHttpRequest.prototype.open === 'function' &&","                    'browser';","            } catch (errorCaughtBrowser) {","                return module.exports &&","                    typeof process.versions.node === 'string' &&","                    typeof require('http').createServer === 'function' &&","                    'node';","            }","        }());","        // init global","        local.global = local.modeJs === 'browser'","            ? window","            : global;","        // init utility2_rollup","        local = local.global.utility2_rollup || (local.modeJs === 'browser'","            ? local.global.utility2_npmtest_node_http_server","            : global.utility2_moduleExports);","        // export local","        local.global.local = local;","    }());","    switch (local.modeJs) {","","","","    // init-after","    // run browser js-env code - init-after","    /* istanbul ignore next */","    case 'browser':","        local.testRunBrowser = function (event) {","            if (!event || (event &&","                    event.currentTarget &&","                    event.currentTarget.className &&","                    event.currentTarget.className.includes &&","                    event.currentTarget.className.includes('onreset'))) {","                // reset output","                Array.from(","                    document.querySelectorAll('body > .resettable')","                ).forEach(function (element) {","                    switch (element.tagName) {","                    case 'INPUT':","                    case 'TEXTAREA':","                        element.value = '';","                        break;","                    default:","                        element.textContent = '';","                    }","                });","            }","            switch (event && event.currentTarget && event.currentTarget.id) {","            case 'testRunButton1':","                // show tests","                if (document.querySelector('#testReportDiv1').style.display === 'none') {","                    document.querySelector('#testReportDiv1').style.display = 'block';","                    document.querySelector('#testRunButton1').textContent =","                        'hide internal test';","                    local.modeTest = true;","                    local.testRunDefault(local);","                // hide tests","                } else {","                    document.querySelector('#testReportDiv1').style.display = 'none';","                    document.querySelector('#testRunButton1').textContent = 'run internal test';","                }","                break;","            // custom-case","            default:","                break;","            }","            if (document.querySelector('#inputTextareaEval1') && (!event || (event &&","                    event.currentTarget &&","                    event.currentTarget.className &&","                    event.currentTarget.className.includes &&","                    event.currentTarget.className.includes('oneval')))) {","                // try to eval input-code","                try {","                    /*jslint evil: true*/","                    eval(document.querySelector('#inputTextareaEval1').value);","                } catch (errorCaught) {","                    console.error(errorCaught);","                }","            }","        };","        // log stderr and stdout to #outputTextareaStdout1","        ['error', 'log'].forEach(function (key) {","            console[key + '_original'] = console[key];","            console[key] = function () {","                var element;","                console[key + '_original'].apply(console, arguments);","                element = document.querySelector('#outputTextareaStdout1');","                if (!element) {","                    return;","                }","                // append text to #outputTextareaStdout1","                element.value += Array.from(arguments).map(function (arg) {","                    return typeof arg === 'string'","                        ? arg","                        : JSON.stringify(arg, null, 4);","                }).join(' ') + '\\n';","                // scroll textarea to bottom","                element.scrollTop = element.scrollHeight;","            };","        });","        // init event-handling","        ['change', 'click', 'keyup'].forEach(function (event) {","            Array.from(document.querySelectorAll('.on' + event)).forEach(function (element) {","                element.addEventListener(event, local.testRunBrowser);","            });","        });","        // run tests","        local.testRunBrowser();","        break;","","","","    // run node js-env code - init-after","    /* istanbul ignore next */","    case 'node':","        // export local","        module.exports = local;","        // require modules","        local.fs = require('fs');","        local.http = require('http');","        local.url = require('url');","        // init assets","        local.assetsDict = local.assetsDict || {};","        /* jslint-ignore-begin */","        local.assetsDict['/assets.index.template.html'] = '\\","<!doctype html>\\n\\","<html lang=\"en\">\\n\\","<head>\\n\\","<meta charset=\"UTF-8\">\\n\\","<meta name=\"viewport\" content=\"width=device-width, initial-scale=1\">\\n\\","<title>{{env.npm_package_name}} (v{{env.npm_package_version}})</title>\\n\\","<style>\\n\\","/*csslint\\n\\","    box-sizing: false,\\n\\","    universal-selector: false\\n\\","*/\\n\\","* {\\n\\","    box-sizing: border-box;\\n\\","}\\n\\","body {\\n\\","    background: #dde;\\n\\","    font-family: Arial, Helvetica, sans-serif;\\n\\","    margin: 2rem;\\n\\","}\\n\\","body > * {\\n\\","    margin-bottom: 1rem;\\n\\","}\\n\\",".utility2FooterDiv {\\n\\","    margin-top: 20px;\\n\\","    text-align: center;\\n\\","}\\n\\","</style>\\n\\","<style>\\n\\","/*csslint\\n\\","*/\\n\\","textarea {\\n\\","    font-family: monospace;\\n\\","    height: 10rem;\\n\\","    width: 100%;\\n\\","}\\n\\","textarea[readonly] {\\n\\","    background: #ddd;\\n\\","}\\n\\","</style>\\n\\","</head>\\n\\","<body>\\n\\","<!-- utility2-comment\\n\\","<div id=\"ajaxProgressDiv1\" style=\"background: #d00; height: 2px; left: 0; margin: 0; padding: 0; position: fixed; top: 0; transition: background 0.5s, width 1.5s; width: 25%;\"></div>\\n\\","utility2-comment -->\\n\\","<h1>\\n\\","<!-- utility2-comment\\n\\","    <a\\n\\","        {{#if env.npm_package_homepage}}\\n\\","        href=\"{{env.npm_package_homepage}}\"\\n\\","        {{/if env.npm_package_homepage}}\\n\\","        target=\"_blank\"\\n\\","    >\\n\\","utility2-comment -->\\n\\","        {{env.npm_package_name}} (v{{env.npm_package_version}})\\n\\","<!-- utility2-comment\\n\\","    </a>\\n\\","utility2-comment -->\\n\\","</h1>\\n\\","<h3>{{env.npm_package_description}}</h3>\\n\\","<!-- utility2-comment\\n\\","<h4><a download href=\"assets.app.js\">download standalone app</a></h4>\\n\\","<button class=\"onclick onreset\" id=\"testRunButton1\">run internal test</button><br>\\n\\","<div id=\"testReportDiv1\" style=\"display: none;\"></div>\\n\\","utility2-comment -->\\n\\","\\n\\","\\n\\","\\n\\","<label>stderr and stdout</label>\\n\\","<textarea class=\"resettable\" id=\"outputTextareaStdout1\" readonly></textarea>\\n\\","<!-- utility2-comment\\n\\","{{#if isRollup}}\\n\\","<script src=\"assets.app.js\"></script>\\n\\","{{#unless isRollup}}\\n\\","utility2-comment -->\\n\\","<script src=\"assets.utility2.rollup.js\"></script>\\n\\","<script src=\"jsonp.utility2._stateInit?callback=window.utility2._stateInit\"></script>\\n\\","<script src=\"assets.npmtest_node_http_server.rollup.js\"></script>\\n\\","<script src=\"assets.example.js\"></script>\\n\\","<script src=\"assets.test.js\"></script>\\n\\","<!-- utility2-comment\\n\\","{{/if isRollup}}\\n\\","utility2-comment -->\\n\\","<div class=\"utility2FooterDiv\">\\n\\","    [ this app was created with\\n\\","    <a href=\"https://github.com/kaizhu256/node-utility2\" target=\"_blank\">utility2</a>\\n\\","    ]\\n\\","</div>\\n\\","</body>\\n\\","</html>\\n\\","';","        /* jslint-ignore-end */","        if (local.templateRender) {","            local.assetsDict['/'] = local.templateRender(","                local.assetsDict['/assets.index.template.html'],","                {","                    env: local.objectSetDefault(local.env, {","                        npm_package_description: 'the greatest app in the world!',","                        npm_package_name: 'my-app',","                        npm_package_nameAlias: 'my_app',","                        npm_package_version: '0.0.1'","                    })","                }","            );","        } else {","            local.assetsDict['/'] = local.assetsDict['/assets.index.template.html']","                .replace((/\\{\\{env\\.(\\w+?)\\}\\}/g), function (match0, match1) {","                    // jslint-hack","                    String(match0);","                    switch (match1) {","                    case 'npm_package_description':","                        return 'the greatest app in the world!';","                    case 'npm_package_name':","                        return 'my-app';","                    case 'npm_package_nameAlias':","                        return 'my_app';","                    case 'npm_package_version':","                        return '0.0.1';","                    }","                });","        }","        // run the cli","        if (local.global.utility2_rollup || module !== require.main) {","            break;","        }","        local.assetsDict['/assets.example.js'] =","            local.assetsDict['/assets.example.js'] ||","            local.fs.readFileSync(__filename, 'utf8');","        // bug-workaround - long $npm_package_buildCustomOrg","        /* jslint-ignore-begin */","        local.assetsDict['/assets.npmtest_node_http_server.rollup.js'] =","            local.assetsDict['/assets.npmtest_node_http_server.rollup.js'] ||","            local.fs.readFileSync(","                local.npmtest_node_http_server.__dirname + '/lib.npmtest_node_http_server.js',","                'utf8'","            ).replace((/^#!/), '//');","        /* jslint-ignore-end */","        local.assetsDict['/favicon.ico'] = local.assetsDict['/favicon.ico'] || '';","        // if $npm_config_timeout_exit exists,","        // then exit this process after $npm_config_timeout_exit ms","        if (Number(process.env.npm_config_timeout_exit)) {","            setTimeout(process.exit, Number(process.env.npm_config_timeout_exit));","        }","        // start server","        if (local.global.utility2_serverHttp1) {","            break;","        }","        process.env.PORT = process.env.PORT || '8081';","        console.error('server starting on port ' + process.env.PORT);","        local.http.createServer(function (request, response) {","            request.urlParsed = local.url.parse(request.url);","            if (local.assetsDict[request.urlParsed.pathname] !== undefined) {","                response.end(local.assetsDict[request.urlParsed.pathname]);","                return;","            }","            response.statusCode = 404;","            response.end();","        }).listen(process.env.PORT);","        break;","    }","}());",""],"l":{"26":2,"28":2,"33":2,"35":2,"37":2,"38":2,"39":2,"44":1,"51":2,"55":2,"59":2,"61":2,"69":1,"70":2,"76":2,"79":2,"82":2,"83":2,"85":1,"89":2,"92":1,"93":1,"94":1,"96":1,"97":1,"100":1,"101":1,"103":1,"106":1,"108":2,"114":1,"116":1,"118":1,"123":1,"124":2,"125":2,"126":3,"127":3,"128":3,"129":3,"130":1,"133":3,"134":3,"139":3,"143":1,"144":3,"145":1,"149":1,"150":1,"158":1,"160":1,"161":1,"162":1,"164":1,"166":1,"258":1,"259":1,"271":1,"274":6,"275":6,"277":1,"279":2,"281":1,"283":2,"288":1,"289":1,"291":1,"296":1,"303":1,"306":1,"307":1,"310":1,"311":1,"313":1,"314":1,"315":1,"316":1,"317":1,"318":1,"319":1,"321":1,"322":1,"324":1}},"/home/travis/build/npmtest/node-npmtest-node-http-server/node_modules/node-http-server/server/http.js":{"path":"/home/travis/build/npmtest/node-npmtest-node-http-server/node_modules/node-http-server/server/http.js","s":{"1":1,"2":1,"3":1,"4":0,"5":0,"6":1,"7":0,"8":0,"9":1,"10":0,"11":0,"12":0,"13":0,"14":0,"15":0,"16":0,"17":0,"18":0,"19":0,"20":0,"21":0,"22":0,"23":0,"24":0,"25":0,"26":0,"27":0,"28":0,"29":0,"30":0,"31":0,"32":0,"33":0,"34":0,"35":0,"36":1,"37":0,"38":0,"39":0,"40":1,"41":0,"42":0,"43":0,"44":0,"45":0,"46":0,"47":0,"48":0,"49":0,"50":0,"51":0,"52":0,"53":0,"54":0,"55":0,"56":0,"57":0,"58":0,"59":0,"60":0,"61":0,"62":0,"63":0,"64":0,"65":0,"66":0,"67":0,"68":0,"69":0,"70":0,"71":0,"72":0,"73":0,"74":0,"75":0,"76":0,"77":0,"78":0,"79":0,"80":0,"81":0,"82":0,"83":1,"84":0,"85":0,"86":0,"87":0,"88":0,"89":0,"90":0,"91":0,"92":0,"93":0,"94":0,"95":0,"96":0,"97":0,"98":0,"99":0,"100":0,"101":0,"102":1,"103":0,"104":0,"105":0,"106":0,"107":0,"108":0,"109":0,"110":0,"111":1,"112":0,"113":1,"114":0,"115":0,"116":0,"117":0,"118":0,"119":0,"120":0,"121":0,"122":0,"123":0,"124":0,"125":0,"126":0,"127":0,"128":0,"129":0,"130":0,"131":0,"132":0,"133":0,"134":0,"135":0,"136":0,"137":0,"138":0,"139":0,"140":0,"141":0,"142":0,"143":0,"144":0,"145":0,"146":0,"147":0,"148":0,"149":0,"150":0,"151":0,"152":0,"153":0,"154":0,"155":0,"156":0,"157":0,"158":0,"159":0,"160":0,"161":0,"162":0,"163":0,"164":0,"165":0,"166":0,"167":1,"168":0,"169":1},"b":{"1":[0,1],"2":[0,0],"3":[0,0,0],"4":[0,0],"5":[0,0],"6":[0,0],"7":[0,0],"8":[0,0],"9":[0,0],"10":[0,0],"11":[0,0],"12":[0,0],"13":[0,0],"14":[0,0],"15":[0,0],"16":[0,0],"17":[0,0],"18":[0,0],"19":[0,0],"20":[0,0],"21":[0,0],"22":[0,0],"23":[0,0],"24":[0,0],"25":[0,0],"26":[0,0],"27":[0,0],"28":[0,0],"29":[0,0],"30":[0,0],"31":[0,0],"32":[0,0],"33":[0,0],"34":[0,0],"35":[0,0],"36":[0,0],"37":[0,0],"38":[0,0],"39":[0,0],"40":[0,0],"41":[0,0],"42":[0,0],"43":[0,0],"44":[0,0],"45":[0,0],"46":[0,0,0],"47":[0,0],"48":[0,0],"49":[0,0],"50":[0,0],"51":[0,0]},"f":{"1":0,"2":0,"3":0,"4":0,"5":0,"6":0,"7":0,"8":0,"9":0,"10":0,"11":0,"12":0,"13":1,"14":0,"15":0,"16":0,"17":0,"18":0},"fnMap":{"1":{"name":"deploy","line":25,"loc":{"start":{"line":25,"column":0},"end":{"line":25,"column":42}}},"2":{"name":"(anonymous_2)","line":82,"loc":{"start":{"line":82,"column":12},"end":{"line":82,"column":23}}},"3":{"name":"(anonymous_3)","line":98,"loc":{"start":{"line":98,"column":12},"end":{"line":98,"column":23}}},"4":{"name":"setHeaders","line":112,"loc":{"start":{"line":112,"column":0},"end":{"line":112,"column":37}}},"5":{"name":"serveFile","line":122,"loc":{"start":{"line":122,"column":0},"end":{"line":122,"column":53}}},"6":{"name":"(anonymous_6)","line":191,"loc":{"start":{"line":191,"column":8},"end":{"line":191,"column":28}}},"7":{"name":"serve","line":238,"loc":{"start":{"line":238,"column":0},"end":{"line":238,"column":46}}},"8":{"name":"completeServing","line":289,"loc":{"start":{"line":289,"column":0},"end":{"line":289,"column":62}}},"9":{"name":"RefString","line":310,"loc":{"start":{"line":310,"column":0},"end":{"line":310,"column":25}}},"10":{"name":"requestRecieved","line":323,"loc":{"start":{"line":323,"column":0},"end":{"line":323,"column":42}}},"11":{"name":"(anonymous_11)","line":348,"loc":{"start":{"line":348,"column":8},"end":{"line":348,"column":18}}},"12":{"name":"fileExists","line":445,"loc":{"start":{"line":445,"column":8},"end":{"line":445,"column":35}}},"13":{"name":"(anonymous_13)","line":456,"loc":{"start":{"line":456,"column":15},"end":{"line":456,"column":17}}},"14":{"name":"(anonymous_14)","line":472,"loc":{"start":{"line":472,"column":26},"end":{"line":472,"column":58}}},"15":{"name":"(anonymous_15)","line":478,"loc":{"start":{"line":478,"column":26},"end":{"line":478,"column":58}}},"16":{"name":"beforeServe","line":484,"loc":{"start":{"line":484,"column":26},"end":{"line":484,"column":84}}},"17":{"name":"afterServe","line":490,"loc":{"start":{"line":490,"column":26},"end":{"line":490,"column":54}}},"18":{"name":"configTemplate","line":501,"loc":{"start":{"line":501,"column":26},"end":{"line":501,"column":57}}}},"statementMap":{"1":{"start":{"line":3,"column":0},"end":{"line":9,"column":47}},"2":{"start":{"line":11,"column":0},"end":{"line":13,"column":14}},"3":{"start":{"line":15,"column":0},"end":{"line":18,"column":1}},"4":{"start":{"line":16,"column":4},"end":{"line":16,"column":40}},"5":{"start":{"line":17,"column":4},"end":{"line":17,"column":26}},"6":{"start":{"line":20,"column":0},"end":{"line":23,"column":1}},"7":{"start":{"line":21,"column":4},"end":{"line":21,"column":28}},"8":{"start":{"line":22,"column":4},"end":{"line":22,"column":20}},"9":{"start":{"line":25,"column":0},"end":{"line":110,"column":1}},"10":{"start":{"line":26,"column":4},"end":{"line":36,"column":6}},"11":{"start":{"line":37,"column":4},"end":{"line":37,"column":44}},"12":{"start":{"line":39,"column":4},"end":{"line":68,"column":5}},"13":{"start":{"line":40,"column":8},"end":{"line":42,"column":9}},"14":{"start":{"line":41,"column":12},"end":{"line":41,"column":39}},"15":{"start":{"line":43,"column":8},"end":{"line":46,"column":10}},"16":{"start":{"line":48,"column":8},"end":{"line":50,"column":9}},"17":{"start":{"line":49,"column":12},"end":{"line":49,"column":78}},"18":{"start":{"line":52,"column":8},"end":{"line":63,"column":10}},"19":{"start":{"line":65,"column":8},"end":{"line":67,"column":10}},"20":{"start":{"line":70,"column":4},"end":{"line":70,"column":57}},"21":{"start":{"line":72,"column":4},"end":{"line":75,"column":5}},"22":{"start":{"line":73,"column":8},"end":{"line":74,"column":72}},"23":{"start":{"line":77,"column":4},"end":{"line":77,"column":51}},"24":{"start":{"line":79,"column":4},"end":{"line":93,"column":5}},"25":{"start":{"line":80,"column":8},"end":{"line":92,"column":10}},"26":{"start":{"line":83,"column":16},"end":{"line":85,"column":17}},"27":{"start":{"line":84,"column":20},"end":{"line":84,"column":102}},"28":{"start":{"line":86,"column":16},"end":{"line":90,"column":17}},"29":{"start":{"line":89,"column":20},"end":{"line":89,"column":40}},"30":{"start":{"line":95,"column":4},"end":{"line":109,"column":5}},"31":{"start":{"line":96,"column":8},"end":{"line":108,"column":10}},"32":{"start":{"line":99,"column":16},"end":{"line":101,"column":17}},"33":{"start":{"line":100,"column":20},"end":{"line":100,"column":115}},"34":{"start":{"line":102,"column":16},"end":{"line":106,"column":17}},"35":{"start":{"line":105,"column":20},"end":{"line":105,"column":40}},"36":{"start":{"line":112,"column":0},"end":{"line":120,"column":1}},"37":{"start":{"line":113,"column":4},"end":{"line":113,"column":36}},"38":{"start":{"line":114,"column":4},"end":{"line":119,"column":5}},"39":{"start":{"line":115,"column":8},"end":{"line":118,"column":10}},"40":{"start":{"line":122,"column":0},"end":{"line":236,"column":1}},"41":{"start":{"line":123,"column":4},"end":{"line":141,"column":5}},"42":{"start":{"line":124,"column":8},"end":{"line":126,"column":9}},"43":{"start":{"line":125,"column":12},"end":{"line":125,"column":60}},"44":{"start":{"line":128,"column":8},"end":{"line":130,"column":9}},"45":{"start":{"line":129,"column":12},"end":{"line":129,"column":25}},"46":{"start":{"line":132,"column":8},"end":{"line":132,"column":32}},"47":{"start":{"line":133,"column":8},"end":{"line":133,"column":57}},"48":{"start":{"line":135,"column":8},"end":{"line":139,"column":10}},"49":{"start":{"line":140,"column":8},"end":{"line":140,"column":15}},"50":{"start":{"line":143,"column":4},"end":{"line":143,"column":56}},"51":{"start":{"line":146,"column":4},"end":{"line":160,"column":5}},"52":{"start":{"line":147,"column":8},"end":{"line":149,"column":9}},"53":{"start":{"line":148,"column":12},"end":{"line":148,"column":60}},"54":{"start":{"line":151,"column":8},"end":{"line":151,"column":32}},"55":{"start":{"line":152,"column":8},"end":{"line":152,"column":57}},"56":{"start":{"line":154,"column":8},"end":{"line":158,"column":10}},"57":{"start":{"line":159,"column":8},"end":{"line":159,"column":15}},"58":{"start":{"line":163,"column":4},"end":{"line":167,"column":5}},"59":{"start":{"line":166,"column":8},"end":{"line":166,"column":49}},"60":{"start":{"line":170,"column":4},"end":{"line":186,"column":5}},"61":{"start":{"line":173,"column":8},"end":{"line":175,"column":9}},"62":{"start":{"line":174,"column":12},"end":{"line":174,"column":60}},"63":{"start":{"line":177,"column":8},"end":{"line":177,"column":32}},"64":{"start":{"line":178,"column":8},"end":{"line":178,"column":57}},"65":{"start":{"line":180,"column":8},"end":{"line":184,"column":10}},"66":{"start":{"line":185,"column":8},"end":{"line":185,"column":15}},"67":{"start":{"line":188,"column":4},"end":{"line":235,"column":6}},"68":{"start":{"line":192,"column":12},"end":{"line":206,"column":13}},"69":{"start":{"line":193,"column":16},"end":{"line":195,"column":17}},"70":{"start":{"line":194,"column":20},"end":{"line":194,"column":79}},"71":{"start":{"line":197,"column":16},"end":{"line":197,"column":40}},"72":{"start":{"line":198,"column":16},"end":{"line":198,"column":65}},"73":{"start":{"line":200,"column":16},"end":{"line":204,"column":18}},"74":{"start":{"line":205,"column":16},"end":{"line":205,"column":23}},"75":{"start":{"line":208,"column":12},"end":{"line":211,"column":14}},"76":{"start":{"line":213,"column":12},"end":{"line":218,"column":13}},"77":{"start":{"line":214,"column":16},"end":{"line":217,"column":18}},"78":{"start":{"line":220,"column":12},"end":{"line":220,"column":36}},"79":{"start":{"line":222,"column":12},"end":{"line":227,"column":14}},"80":{"start":{"line":229,"column":12},"end":{"line":231,"column":13}},"81":{"start":{"line":230,"column":16},"end":{"line":230,"column":64}},"82":{"start":{"line":233,"column":12},"end":{"line":233,"column":19}},"83":{"start":{"line":238,"column":0},"end":{"line":287,"column":1}},"84":{"start":{"line":240,"column":4},"end":{"line":242,"column":5}},"85":{"start":{"line":241,"column":8},"end":{"line":241,"column":32}},"86":{"start":{"line":245,"column":4},"end":{"line":254,"column":5}},"87":{"start":{"line":246,"column":8},"end":{"line":249,"column":10}},"88":{"start":{"line":251,"column":8},"end":{"line":253,"column":9}},"89":{"start":{"line":252,"column":12},"end":{"line":252,"column":134}},"90":{"start":{"line":257,"column":4},"end":{"line":263,"column":5}},"91":{"start":{"line":258,"column":8},"end":{"line":258,"column":24}},"92":{"start":{"line":260,"column":8},"end":{"line":262,"column":9}},"93":{"start":{"line":261,"column":12},"end":{"line":261,"column":111}},"94":{"start":{"line":265,"column":4},"end":{"line":265,"column":32}},"95":{"start":{"line":266,"column":4},"end":{"line":266,"column":36}},"96":{"start":{"line":268,"column":4},"end":{"line":268,"column":23}},"97":{"start":{"line":269,"column":4},"end":{"line":269,"column":31}},"98":{"start":{"line":272,"column":4},"end":{"line":282,"column":5}},"99":{"start":{"line":281,"column":8},"end":{"line":281,"column":15}},"100":{"start":{"line":284,"column":4},"end":{"line":284,"column":66}},"101":{"start":{"line":286,"column":4},"end":{"line":286,"column":11}},"102":{"start":{"line":289,"column":0},"end":{"line":308,"column":1}},"103":{"start":{"line":290,"column":4},"end":{"line":292,"column":5}},"104":{"start":{"line":291,"column":8},"end":{"line":291,"column":39}},"105":{"start":{"line":294,"column":4},"end":{"line":296,"column":5}},"106":{"start":{"line":295,"column":8},"end":{"line":295,"column":57}},"107":{"start":{"line":298,"column":4},"end":{"line":301,"column":5}},"108":{"start":{"line":299,"column":8},"end":{"line":299,"column":33}},"109":{"start":{"line":300,"column":8},"end":{"line":300,"column":15}},"110":{"start":{"line":303,"column":4},"end":{"line":307,"column":6}},"111":{"start":{"line":310,"column":0},"end":{"line":321,"column":1}},"112":{"start":{"line":311,"column":4},"end":{"line":320,"column":6}},"113":{"start":{"line":323,"column":0},"end":{"line":449,"column":1}},"114":{"start":{"line":324,"column":4},"end":{"line":334,"column":5}},"115":{"start":{"line":325,"column":8},"end":{"line":329,"column":10}},"116":{"start":{"line":331,"column":8},"end":{"line":333,"column":10}},"117":{"start":{"line":336,"column":4},"end":{"line":336,"column":37}},"118":{"start":{"line":337,"column":4},"end":{"line":337,"column":24}},"119":{"start":{"line":338,"column":4},"end":{"line":338,"column":47}},"120":{"start":{"line":339,"column":4},"end":{"line":339,"column":16}},"121":{"start":{"line":340,"column":4},"end":{"line":340,"column":43}},"122":{"start":{"line":342,"column":4},"end":{"line":345,"column":5}},"123":{"start":{"line":343,"column":8},"end":{"line":343,"column":29}},"124":{"start":{"line":344,"column":8},"end":{"line":344,"column":21}},"125":{"start":{"line":347,"column":4},"end":{"line":360,"column":8}},"126":{"start":{"line":349,"column":12},"end":{"line":351,"column":13}},"127":{"start":{"line":350,"column":16},"end":{"line":350,"column":23}},"128":{"start":{"line":352,"column":12},"end":{"line":352,"column":43}},"129":{"start":{"line":354,"column":12},"end":{"line":356,"column":13}},"130":{"start":{"line":355,"column":16},"end":{"line":355,"column":23}},"131":{"start":{"line":357,"column":12},"end":{"line":357,"column":42}},"132":{"start":{"line":358,"column":12},"end":{"line":358,"column":29}},"133":{"start":{"line":362,"column":4},"end":{"line":367,"column":5}},"134":{"start":{"line":363,"column":8},"end":{"line":365,"column":9}},"135":{"start":{"line":364,"column":12},"end":{"line":364,"column":21}},"136":{"start":{"line":366,"column":8},"end":{"line":366,"column":20}},"137":{"start":{"line":369,"column":4},"end":{"line":369,"column":20}},"138":{"start":{"line":372,"column":4},"end":{"line":380,"column":5}},"139":{"start":{"line":379,"column":8},"end":{"line":379,"column":15}},"140":{"start":{"line":382,"column":4},"end":{"line":382,"column":21}},"141":{"start":{"line":384,"column":4},"end":{"line":386,"column":5}},"142":{"start":{"line":385,"column":8},"end":{"line":385,"column":43}},"143":{"start":{"line":388,"column":4},"end":{"line":388,"column":21}},"144":{"start":{"line":390,"column":4},"end":{"line":392,"column":5}},"145":{"start":{"line":391,"column":8},"end":{"line":391,"column":51}},"146":{"start":{"line":394,"column":4},"end":{"line":394,"column":32}},"147":{"start":{"line":396,"column":4},"end":{"line":402,"column":5}},"148":{"start":{"line":397,"column":8},"end":{"line":401,"column":10}},"149":{"start":{"line":404,"column":4},"end":{"line":413,"column":5}},"150":{"start":{"line":405,"column":8},"end":{"line":411,"column":9}},"151":{"start":{"line":406,"column":12},"end":{"line":408,"column":13}},"152":{"start":{"line":407,"column":16},"end":{"line":407,"column":73}},"153":{"start":{"line":409,"column":12},"end":{"line":409,"column":55}},"154":{"start":{"line":410,"column":12},"end":{"line":410,"column":19}},"155":{"start":{"line":412,"column":8},"end":{"line":412,"column":46}},"156":{"start":{"line":416,"column":4},"end":{"line":418,"column":5}},"157":{"start":{"line":417,"column":8},"end":{"line":417,"column":72}},"158":{"start":{"line":420,"column":4},"end":{"line":422,"column":5}},"159":{"start":{"line":421,"column":8},"end":{"line":421,"column":38}},"160":{"start":{"line":424,"column":4},"end":{"line":424,"column":20}},"161":{"start":{"line":425,"column":4},"end":{"line":425,"column":28}},"162":{"start":{"line":428,"column":4},"end":{"line":436,"column":5}},"163":{"start":{"line":435,"column":8},"end":{"line":435,"column":15}},"164":{"start":{"line":438,"column":4},"end":{"line":441,"column":6}},"165":{"start":{"line":443,"column":4},"end":{"line":448,"column":6}},"166":{"start":{"line":446,"column":12},"end":{"line":446,"column":61}},"167":{"start":{"line":457,"column":8},"end":{"line":519,"column":10}},"168":{"start":{"line":502,"column":24},"end":{"line":502,"column":50}},"169":{"start":{"line":523,"column":0},"end":{"line":523,"column":26}}},"branchMap":{"1":{"line":20,"type":"if","locations":[{"start":{"line":20,"column":0},"end":{"line":20,"column":0}},{"start":{"line":20,"column":0},"end":{"line":20,"column":0}}]},"2":{"line":39,"type":"if","locations":[{"start":{"line":39,"column":4},"end":{"line":39,"column":4}},{"start":{"line":39,"column":4},"end":{"line":39,"column":4}}]},"3":{"line":39,"type":"binary-expr","locations":[{"start":{"line":39,"column":7},"end":{"line":39,"column":24}},{"start":{"line":39,"column":28},"end":{"line":39,"column":56}},{"start":{"line":39,"column":60},"end":{"line":39,"column":89}}]},"4":{"line":40,"type":"if","locations":[{"start":{"line":40,"column":8},"end":{"line":40,"column":8}},{"start":{"line":40,"column":8},"end":{"line":40,"column":8}}]},"5":{"line":48,"type":"if","locations":[{"start":{"line":48,"column":8},"end":{"line":48,"column":8}},{"start":{"line":48,"column":8},"end":{"line":48,"column":8}}]},"6":{"line":72,"type":"if","locations":[{"start":{"line":72,"column":4},"end":{"line":72,"column":4}},{"start":{"line":72,"column":4},"end":{"line":72,"column":4}}]},"7":{"line":79,"type":"if","locations":[{"start":{"line":79,"column":4},"end":{"line":79,"column":4}},{"start":{"line":79,"column":4},"end":{"line":79,"column":4}}]},"8":{"line":83,"type":"if","locations":[{"start":{"line":83,"column":16},"end":{"line":83,"column":16}},{"start":{"line":83,"column":16},"end":{"line":83,"column":16}}]},"9":{"line":86,"type":"if","locations":[{"start":{"line":86,"column":16},"end":{"line":86,"column":16}},{"start":{"line":86,"column":16},"end":{"line":86,"column":16}}]},"10":{"line":95,"type":"if","locations":[{"start":{"line":95,"column":4},"end":{"line":95,"column":4}},{"start":{"line":95,"column":4},"end":{"line":95,"column":4}}]},"11":{"line":99,"type":"if","locations":[{"start":{"line":99,"column":16},"end":{"line":99,"column":16}},{"start":{"line":99,"column":16},"end":{"line":99,"column":16}}]},"12":{"line":102,"type":"if","locations":[{"start":{"line":102,"column":16},"end":{"line":102,"column":16}},{"start":{"line":102,"column":16},"end":{"line":102,"column":16}}]},"13":{"line":123,"type":"if","locations":[{"start":{"line":123,"column":4},"end":{"line":123,"column":4}},{"start":{"line":123,"column":4},"end":{"line":123,"column":4}}]},"14":{"line":124,"type":"if","locations":[{"start":{"line":124,"column":8},"end":{"line":124,"column":8}},{"start":{"line":124,"column":8},"end":{"line":124,"column":8}}]},"15":{"line":128,"type":"if","locations":[{"start":{"line":128,"column":8},"end":{"line":128,"column":8}},{"start":{"line":128,"column":8},"end":{"line":128,"column":8}}]},"16":{"line":146,"type":"if","locations":[{"start":{"line":146,"column":4},"end":{"line":146,"column":4}},{"start":{"line":146,"column":4},"end":{"line":146,"column":4}}]},"17":{"line":147,"type":"if","locations":[{"start":{"line":147,"column":8},"end":{"line":147,"column":8}},{"start":{"line":147,"column":8},"end":{"line":147,"column":8}}]},"18":{"line":163,"type":"if","locations":[{"start":{"line":163,"column":4},"end":{"line":163,"column":4}},{"start":{"line":163,"column":4},"end":{"line":163,"column":4}}]},"19":{"line":170,"type":"if","locations":[{"start":{"line":170,"column":4},"end":{"line":170,"column":4}},{"start":{"line":170,"column":4},"end":{"line":170,"column":4}}]},"20":{"line":173,"type":"if","locations":[{"start":{"line":173,"column":8},"end":{"line":173,"column":8}},{"start":{"line":173,"column":8},"end":{"line":173,"column":8}}]},"21":{"line":192,"type":"if","locations":[{"start":{"line":192,"column":12},"end":{"line":192,"column":12}},{"start":{"line":192,"column":12},"end":{"line":192,"column":12}}]},"22":{"line":193,"type":"if","locations":[{"start":{"line":193,"column":16},"end":{"line":193,"column":16}},{"start":{"line":193,"column":16},"end":{"line":193,"column":16}}]},"23":{"line":213,"type":"if","locations":[{"start":{"line":213,"column":12},"end":{"line":213,"column":12}},{"start":{"line":213,"column":12},"end":{"line":213,"column":12}}]},"24":{"line":229,"type":"if","locations":[{"start":{"line":229,"column":12},"end":{"line":229,"column":12}},{"start":{"line":229,"column":12},"end":{"line":229,"column":12}}]},"25":{"line":240,"type":"if","locations":[{"start":{"line":240,"column":4},"end":{"line":240,"column":4}},{"start":{"line":240,"column":4},"end":{"line":240,"column":4}}]},"26":{"line":245,"type":"if","locations":[{"start":{"line":245,"column":4},"end":{"line":245,"column":4}},{"start":{"line":245,"column":4},"end":{"line":245,"column":4}}]},"27":{"line":251,"type":"if","locations":[{"start":{"line":251,"column":8},"end":{"line":251,"column":8}},{"start":{"line":251,"column":8},"end":{"line":251,"column":8}}]},"28":{"line":257,"type":"if","locations":[{"start":{"line":257,"column":4},"end":{"line":257,"column":4}},{"start":{"line":257,"column":4},"end":{"line":257,"column":4}}]},"29":{"line":260,"type":"if","locations":[{"start":{"line":260,"column":8},"end":{"line":260,"column":8}},{"start":{"line":260,"column":8},"end":{"line":260,"column":8}}]},"30":{"line":272,"type":"if","locations":[{"start":{"line":272,"column":4},"end":{"line":272,"column":4}},{"start":{"line":272,"column":4},"end":{"line":272,"column":4}}]},"31":{"line":290,"type":"if","locations":[{"start":{"line":290,"column":4},"end":{"line":290,"column":4}},{"start":{"line":290,"column":4},"end":{"line":290,"column":4}}]},"32":{"line":294,"type":"if","locations":[{"start":{"line":294,"column":4},"end":{"line":294,"column":4}},{"start":{"line":294,"column":4},"end":{"line":294,"column":4}}]},"33":{"line":295,"type":"binary-expr","locations":[{"start":{"line":295,"column":34},"end":{"line":295,"column":45}},{"start":{"line":295,"column":47},"end":{"line":295,"column":55}}]},"34":{"line":298,"type":"if","locations":[{"start":{"line":298,"column":4},"end":{"line":298,"column":4}},{"start":{"line":298,"column":4},"end":{"line":298,"column":4}}]},"35":{"line":315,"type":"binary-expr","locations":[{"start":{"line":315,"column":22},"end":{"line":315,"column":27}},{"start":{"line":315,"column":29},"end":{"line":315,"column":31}}]},"36":{"line":324,"type":"if","locations":[{"start":{"line":324,"column":4},"end":{"line":324,"column":4}},{"start":{"line":324,"column":4},"end":{"line":324,"column":4}}]},"37":{"line":342,"type":"if","locations":[{"start":{"line":342,"column":4},"end":{"line":342,"column":4}},{"start":{"line":342,"column":4},"end":{"line":342,"column":4}}]},"38":{"line":349,"type":"if","locations":[{"start":{"line":349,"column":12},"end":{"line":349,"column":12}},{"start":{"line":349,"column":12},"end":{"line":349,"column":12}}]},"39":{"line":354,"type":"if","locations":[{"start":{"line":354,"column":12},"end":{"line":354,"column":12}},{"start":{"line":354,"column":12},"end":{"line":354,"column":12}}]},"40":{"line":363,"type":"if","locations":[{"start":{"line":363,"column":8},"end":{"line":363,"column":8}},{"start":{"line":363,"column":8},"end":{"line":363,"column":8}}]},"41":{"line":372,"type":"if","locations":[{"start":{"line":372,"column":4},"end":{"line":372,"column":4}},{"start":{"line":372,"column":4},"end":{"line":372,"column":4}}]},"42":{"line":384,"type":"if","locations":[{"start":{"line":384,"column":4},"end":{"line":384,"column":4}},{"start":{"line":384,"column":4},"end":{"line":384,"column":4}}]},"43":{"line":390,"type":"if","locations":[{"start":{"line":390,"column":4},"end":{"line":390,"column":4}},{"start":{"line":390,"column":4},"end":{"line":390,"column":4}}]},"44":{"line":396,"type":"if","locations":[{"start":{"line":396,"column":4},"end":{"line":396,"column":4}},{"start":{"line":396,"column":4},"end":{"line":396,"column":4}}]},"45":{"line":404,"type":"if","locations":[{"start":{"line":404,"column":4},"end":{"line":404,"column":4}},{"start":{"line":404,"column":4},"end":{"line":404,"column":4}}]},"46":{"line":404,"type":"binary-expr","locations":[{"start":{"line":404,"column":7},"end":{"line":404,"column":36}},{"start":{"line":404,"column":40},"end":{"line":404,"column":59}},{"start":{"line":404,"column":63},"end":{"line":404,"column":94}}]},"47":{"line":405,"type":"if","locations":[{"start":{"line":405,"column":8},"end":{"line":405,"column":8}},{"start":{"line":405,"column":8},"end":{"line":405,"column":8}}]},"48":{"line":406,"type":"if","locations":[{"start":{"line":406,"column":12},"end":{"line":406,"column":12}},{"start":{"line":406,"column":12},"end":{"line":406,"column":12}}]},"49":{"line":416,"type":"if","locations":[{"start":{"line":416,"column":4},"end":{"line":416,"column":4}},{"start":{"line":416,"column":4},"end":{"line":416,"column":4}}]},"50":{"line":420,"type":"if","locations":[{"start":{"line":420,"column":4},"end":{"line":420,"column":4}},{"start":{"line":420,"column":4},"end":{"line":420,"column":4}}]},"51":{"line":428,"type":"if","locations":[{"start":{"line":428,"column":4},"end":{"line":428,"column":4}},{"start":{"line":428,"column":4},"end":{"line":428,"column":4}}]}},"code":["'use strict';","","const http = require('http'),","    https = require('https'),","    url = require('url'),","    path = require('path'),","    fs = require('fs'),","    querystring=require('querystring'),","    Config = require(`${__dirname}/Config.js`);","","const passedArgs = process.argv.splice(2),","    argCount = passedArgs.length,","    args = {};","","for(let i=0; i<argCount; i++){","    const data=passedArgs[i].split('=');","    args[data[0]]=data[1];","}","","if(args.launch=='now'){","    const server=new Server;","    server.deploy();","}","","function deploy(userConfig, readyCallback){","    Object.defineProperty(","        this,","        'server',","        {","            value:http.createServer(","                requestRecieved.bind(this)","            ),","            writable:false,","            enumerable:true","        }","    );","    this.config=new this.Config(userConfig);","","    if(this.config.https && this.config.https.privateKey && this.config.https.certificate){","        if(!this.config.https.port){","            this.config.https.port=443;","        }","        this.config.httpsOptions = {","            key: fs.readFileSync(this.config.https.privateKey),","            cert: fs.readFileSync(this.config.https.certificate)","        };","","        if(this.config.https.ca){","            this.config.httpsOptions.ca=fs.readFileSync(this.config.https.ca);","        }","","        Object.defineProperty(","            this,","            'secureServer',","            {","                value:https.createServer(","                    this.config.httpsOptions,","                    requestRecieved.bind(this)","                ),","                writable:false,","                enumerable:true","            }","        );","    }else{","        this.config.https={","            only:false","        };","    }","","    this.config.logID=`### ${this.config.domain} server`;","","    if(this.config.verbose){","        console.log(","            `${this.config.logID} configured with ###\\n\\n`,this.config);","    }","","    this.server.timeout=this.config.server.timeout;","","    if(!this.config.https.only){","        this.server.listen(","            this.config.port,","            function() {","                if(this.config.verbose){","                    console.log(`${this.config.logID} listening on port ${this.config.port} ###\\n\\n`);","                }","                if (readyCallback){","                    //passes the current Server class instance for refrence.","                    //this allows multiple servers to use the same ready callback if desired","                    readyCallback(this);","                }","            }.bind(this)","        );","    }","","    if(this.config.httpsOptions){","        this.secureServer.listen(","            this.config.https.port,","            function() {","                if(this.config.verbose){","                    console.log(`HTTPS: ${this.config.logID} listening on port ${this.config.https.port} ###\\n\\n`);","                }","                if (readyCallback){","                    //passes the current Server class instance for refrence.","                    //this allows multiple servers to use the same ready callback if desired","                    readyCallback(this);","                }","            }.bind(this)","        );","    }","}","","function setHeaders(response,headers){","    const keys=Object.keys(headers);","    for(const i in keys){","        response.setHeader(","            keys[i],","            headers[keys[i]]","        );","    }","}","","function serveFile(filename,exists,request,response) {","    if(!exists) {","        if(this.config.verbose){","            console.log(`${this.config.logID} 404 ###\\n\\n`);","        }","","        if(!response){","            return false;","        }","","        response.statusCode=404;","        setHeaders(response, this.config.errors.headers);","","        this.serve(","            request,","            response,","            this.config.errors['404']","        );","        return;","    }","","    const contentType = path.extname(filename).slice(1);","","    //Only serve specified file types","    if(!this.config.contentType[contentType]){","        if(this.config.verbose){","            console.log(`${this.config.logID} 415 ###\\n\\n`);","        }","","        response.statusCode=415;","        setHeaders(response, this.config.errors.headers);","","        this.serve(","            request,","            response,","            this.config.errors['415']","        );","        return;","    }","","    //default","    if (","        fs.statSync(filename).isDirectory()","    ){","        filename+=`/${this.config.server.index}`;","    }","","    //Do not allow access to restricted file types","    if (","        this.
[...]
        );","","            if(this.config.server.noCache){","                response.setHeader(","                    'Cache-Control',","                    'no-cache, no-store, must-revalidate'","                );","            }","","            response.statusCode=200;","","            this.serve(","                request,","                response,","                file,","                'binary'","            );","","            if(this.config.verbose){","                console.log(`${this.config.logID} 200 ###\\n\\n`);","            }","","            return;","        }.bind(this)","    );","}","","function serve(request,response,body,encoding){","    //defaults to 200","    if(!response.statusCode){","        response.statusCode=200;","    }","","    //defaults to text/plain","    if(!response.getHeader('Content-Type')){","        response.setHeader(","            'Content-Type',","            'text/plain'","        );","","        if(this.config.verbose){","            console.log(`${this.config.logID} response content-type header not specified ###\\n\\nContent-Type set to: text/plain\\n\\n`);","        }","    }","","    //defaults to utf8","    if(!encoding){","        encoding='utf8';","","        if(this.config.verbose){","            console.log(`${this.config.logID} encoding not specified ###\\nencoding set to:\\n`,encoding,'\\n\\n');","        }","    }","","    const refBody=new RefString;","    const refEncoding=new RefString;","","    refBody.value=body;","    refEncoding.value=encoding;","","    //return any value to force delayed serving","    if(","        this.beforeServe(","            request,","            response,","            refBody,","            refEncoding,","            completeServing.bind(this)","        )","    ){","        return;","    };","","    completeServing.bind(this)(request,response,refBody,encoding);","","    return;","}","","function completeServing(request,response,refBody,refEncoding){","    if(!(refBody instanceof RefString)){","        refBody=new RefString(refBody);","    }","","    if(!(refEncoding instanceof RefString)){","        refEncoding=new RefString(refEncoding||'binary');","    }","","    if(response.finished){","        this.afterServe(request);","        return;","    }","","    response.end(","        refBody.value,","        refEncoding.value,","        this.afterServe.bind(this,request)","    );","}","","function RefString(value){","    Object.defineProperties(","        this,","        {","            value:{","                value:value||'',","                enumerable:true,","                writable:true","            }","        }","    );","}","","function requestRecieved(request,response){","    if(this.config.log){","        const logData={","            method  : request.method,","            url     : request.url,","            headers : request.headers","        };","","        this.config.logFunction(","            logData","        );","    }","","    let uri = url.parse(request.url);","    uri.protocol='http';","    uri.host=uri.hostname=request.headers.host;","    uri.port=80;","    uri.query=querystring.parse(uri.query);","","    if(request.connection.encrypted){","        uri.protocol='https';","        uri.port=443;","    }","","    (","        function(){","            if(!uri.host){","                return;","            }","            const host=uri.host.split(':');","","            if(!host[1]){","                return;","            }","            uri.host=uri.hostname=host[0];","            uri.port=host[1];","        }","    )();","","    for(let key in uri){","        if(uri[key]!==null){","            continue;","        }","        uri[key]='';","    }","","    request.uri=uri;","","    //return any value to force delayed serving","    if(","        this.onRawRequest(","            request,","            response,","            completeServing.bind(this)","        )","    ){","        return;","    };","","    uri=uri.pathname;","","    if (uri=='/'){","        uri=`/${this.config.server.index}`;","    }","","    let hostname= [];","","    if (request.headers.host !== undefined){","        hostname = request.headers.host.split(':');","    }","","    let root = this.config.root;","","    if(this.config.verbose){","        console.log(`${this.config.logID} REQUEST ###\\n\\n`,","            request.headers,'\\n',","            uri,'\\n\\n',","            hostname,'\\n\\n'","        );","    }","","    if(this.config.domain!='0.0.0.0' && hostname.length > 0 && hostname[0]!=this.config.domain){","        if(!this.config.domains[hostname[0]]){","            if(this.config.verbose){","                console.log(`${this.config.logID} INVALID HOST ###\\n\\n`);","            }","            this.serveFile(hostname[0],false,response);","            return;","        }","        root=this.config.domains[hostname[0]];","    }","","","    if(this.config.verbose){","        console.log(`${this.config.logID} USING ROOT : ${root}###\\n\\n`);","    }","","    if(uri.slice(-1)=='/'){","        uri+=this.config.server.index;","    }","","    request.url=uri;","    request.serverRoot=root;","","    //return any value to force delayed serving","    if(","        this.onRequest(","            request,","            response,","            completeServing.bind(this)","        )","    ){","        return;","    };","","    const filename = path.join(","        request.serverRoot,","        request.url","    );","","    fs.exists(","        filename,","        function fileExists(exists){","            this.serveFile(filename,exists,request,response);","        }.bind(this)","    );","}","","","/*********************","*  SERVER CLASS","*********************/","class Server{","    constructor(){","        Object.defineProperties(","            this,","            {","                deploy:{","                    value:deploy,","                    writable:false,","                    enumerable:true","                },","                serveFile:{","                    value:serveFile,","                    writable:false,","                    enumerable:false","                },","                //executed before any processing of request. If returns true response serving will be delayed.","                onRawRequest:{","                    value:function(request,response,serve){},","                    writable:true,","                    enumerable:true","                },","                //executed just after request recieved allowing user to modify if needed. If returns true response serving will be delayed.","                onRequest:{","                    value:function(request,response,serve){},","                    writable:true,","                    enumerable:true","                },","                //executed just before response sent allowing user to modify if needed. If returns true response serving will be delayed.","                beforeServe:{","                    value:function beforeServe(request,response,body,encoding,serve){},","                    writable:true,","                    enumerable:true","                },","                //executed after each full response completely sent","                afterServe:{","                    value:function afterServe(request){},","                    writable:true,","                    enumerable:true","                },","                serve:{","                    value:serve,","                    writable:false,","                    enumerable:false","                },","                //kept for backwards compatibility","                configTemplate  :{","                    value:function configTemplate(config){","                        return new Config(config);","                    },","                    writable:false,","                    //not visible because this is just for backwards compatibility","                    enumerable:false","                },","                Config:{","                    value:Config,","                    writable:false,","                    enumerable:true","                },","                Server:{","                    value:Server,","                    writable:false,","                    enumerable:true","                }","            }","        );","    }","}","","module.exports=new Server;",""],"l":{"3":1,"11":1,"15":1,"16":0,"17":0,"20":1,"21":0,"22":0,"25":1,"26":0,"37":0,"39":0,"40":0,"41":0,"43":0,"48":0,"49":0,"52":0,"65":0,"70":0,"72":0,"73":0,"77":0,"79":0,"80":0,"83":0,"84":0,"86":0,"89":0,"95":0,"96":0,"99":0,"100":0,"102":0,"105":0,"112":1,"113":0,"114":0,"115":0,"122":1,"123":0,"124":0,"125":0,"128":0,"129":0,"132":0,"133":0,"135":0,"140":0,"143":0,"146":0,"147":0,"148":0,"151":0,"152":0,"154":0,"159":0,"163":0,"166":0,"170":0,"173":0,"174":0,"177":0,"178":0,"180":0,"185":0,"188":0,"192":0,"193":0,"194":0,"197":0,"198":0,"200":0,"205":0,"208":0,"213":0,"214":0,"220":0,"222":0,"229":0,"230":0,"233":0,"238":1,"240":0,"241":0,"245":0,"246":0,"251":0,"252":0,"257":0,"258":0,"260":0,"261":0,"265":0,"266":0,"268":0,"269":0,"272":0,"281":0,"284":0,"286":0,"289":1,"290":0,"291":0,"294":0,"295":0,"298":0,"299":0,"300":0,"303":0,"310":1,"311":0,"323":1,"324":0,"325":0,"331":0,"336":0,"337":0,"338":0,"339":0,"340":0,"342":0,"343":0,"344":0,"347":0,"349":0,"350":0,"352":0,"354":0,"355":0,"357":0,"358":0,"362":0,"363":0,"364":0,"366":0,"369":0,"372":0,"379":0,"382":0,"384":0,"385":0,"388":0,"390":0,"391":0,"394":0,"396":0,"397":0,"404":0,"405":0,"406":0,"407":0,"409":0,"410":0,"412":0,"416":0,"417":0,"420":0,"421":0,"424":0,"425":0,"428":0,"435":0,"438":0,"443":0,"446":0,"457":1,"502":0,"523":1}},"/home/travis/build/npmtest/node-npmtest-node-http-server/node_modules/node-http-server/server/Config.js":{"path":"/home/travis/build/npmtest/node-npmtest-node-http-server/node_modules/node-http-server/server/Config.js","s":{"1":1,"2":1,"3":1,"4":0,"5":0,"6":1,"7":1,"8":0,"9":0,"10":0,"11":0,"12":0,"13":0,"14":0,"15":0,"16":0,"17":0,"18":0,"19":0,"20":0,"21":0,"22":0,"23":1},"b":{"1":[1,1],"2":[1,1],"3":[1,1],"4":[1,1],"5":[1,1],"6":[0,1],"7":[0,0],"8":[0,0],"9":[0,0]},"f":{"1":0,"2":0,"3":0,"4":0},"fnMap":{"1":{"name":"serverLogging","line":86,"loc":{"start":{"line":86,"column":0},"end":{"line":86,"column":28}}},"2":{"name":"serverLogExsits","line":89,"loc":{"start":{"line":89,"column":8},"end":{"line":89,"column":40}}},"3":{"name":"fsMethod","line":100,"loc":{"start":{"line":100,"column":16},"end":{"line":100,"column":39}}},"4":{"name":"(anonymous_4)","line":116,"loc":{"start":{"line":116,"column":15},"end":{"line":116,"column":27}}}},"statementMap":{"1":{"start":{"line":3,"column":0},"end":{"line":3,"column":23}},"2":{"start":{"line":5,"column":0},"end":{"line":14,"column":6}},"3":{"start":{"line":16,"column":0},"end":{"line":19,"column":1}},"4":{"start":{"line":17,"column":4},"end":{"line":17,"column":40}},"5":{"start":{"line":18,"column":4},"end":{"line":18,"column":26}},"6":{"start":{"line":30,"column":0},"end":{"line":84,"column":2}},"7":{"start":{"line":86,"column":0},"end":{"line":108,"column":1}},"8":{"start":{"line":87,"column":4},"end":{"line":107,"column":6}},"9":{"start":{"line":90,"column":12},"end":{"line":90,"column":48}},"10":{"start":{"line":92,"column":12},"end":{"line":92,"column":48}},"11":{"start":{"line":93,"column":12},"end":{"line":93,"column":36}},"12":{"start":{"line":94,"column":12},"end":{"line":96,"column":13}},"13":{"start":{"line":95,"column":16},"end":{"line":95,"column":35}},"14":{"start":{"line":97,"column":12},"end":{"line":105,"column":14}},"15":{"start":{"line":101,"column":20},"end":{"line":103,"column":21}},"16":{"start":{"line":102,"column":24},"end":{"line":102,"column":41}},"17":{"start":{"line":118,"column":8},"end":{"line":118,"column":26}},"18":{"start":{"line":119,"column":8},"end":{"line":184,"column":10}},"19":{"start":{"line":186,"column":8},"end":{"line":190,"column":9}},"20":{"start":{"line":187,"column":12},"end":{"line":189,"column":13}},"21":{"start":{"line":188,"column":16},"end":{"line":188,"column":40}},"22":{"start":{"line":193,"column":8},"end":{"line":193,"column":22}},"23":{"start":{"line":197,"column":0},"end":{"line":197,"column":22}}},"branchMap":{"1":{"line":31,"type":"binary-expr","locations":[{"start":{"line":31,"column":19},"end":{"line":31,"column":39}},{"start":{"line":31,"column":42},"end":{"line":31,"column":47}}]},"2":{"line":32,"type":"binary-expr","locations":[{"start":{"line":32,"column":18},"end":{"line":32,"column":27}},{"start":{"line":32,"column":29},"end":{"line":32,"column":42}}]},"3":{"line":33,"type":"binary-expr","locations":[{"start":{"line":33,"column":18},"end":{"line":33,"column":27}},{"start":{"line":33,"column":29},"end":{"line":33,"column":42}}]},"4":{"line":34,"type":"binary-expr","locations":[{"start":{"line":34,"column":18},"end":{"line":34,"column":29}},{"start":{"line":34,"column":31},"end":{"line":34,"column":46}}]},"5":{"line":48,"type":"binary-expr","locations":[{"start":{"line":48,"column":18},"end":{"line":48,"column":28}},{"start":{"line":48,"column":30},"end":{"line":48,"column":44}}]},"6":{"line":49,"type":"cond-expr","locations":[{"start":{"line":49,"column":42},"end":{"line":49,"column":47}},{"start":{"line":49,"column":50},"end":{"line":49,"column":54}}]},"7":{"line":94,"type":"if","locations":[{"start":{"line":94,"column":12},"end":{"line":94,"column":12}},{"start":{"line":94,"column":12},"end":{"line":94,"column":12}}]},"8":{"line":101,"type":"if","locations":[{"start":{"line":101,"column":20},"end":{"line":101,"column":20}},{"start":{"line":101,"column":20},"end":{"line":101,"column":20}}]},"9":{"line":186,"type":"if","locations":[{"start":{"line":186,"column":8},"end":{"line":186,"column":8}},{"start":{"line":186,"column":8},"end":{"line":186,"column":8}}]}},"code":["'use strict';","","const fs=require('fs');","","const passedArgs = process.argv.splice(2),","    argCount = passedArgs.length,","    args = {},","    defaults = {","        port    : 8080,","        root    : process.cwd(),","        domain  : '0.0.0.0',","        index   : 'index.html',","        log     : false","    };","","for(let i=0; i<argCount; i++){","    const data=passedArgs[i].split('=');","    args[data[0]]=data[1];","}","","/**************************************\\"," *"," *    These are the valid basic configs"," *    that can be passed when deploying"," *    a server, content types are dynamic"," *    so you can pass whatever you like"," *"," * ************************************/","","const defaultConfigs={","    verbose     : (args.verbose=='true')||false,","    port        : args.port||defaults.port,","    root        : args.root||defaults.root,","    domain      : args.domain||defaults.domain,","    log         : false,","    //pass this as config for custom logging","    logFunction : serverLogging,","    domains   : {","        /*******************\\","         * domain  : /that/domains/root/dir","         *","         * for sub domains, specify the whole host i.e. \"my.sub.domain\"","         * you may need to edit your hosts file, cnames or iptable","         * domain or my.domain etc. goes to 127.0.0.1 for local development","         * *****************/","    },","    server      : {","        index   : args.index||defaults.index,","        noCache : args.noCache=='false' ? false : true,","        timeout : 30000 //30 second timeout","    },","    https:{","        ca:'',","        privateKey:'',","        certificate:'',","        port:443,","        only:false","    },","    contentType : {","        html    : 'text/html',","        css     : 'text/css',","        js      : 'text/javascript',","        json    : 'application/json',","        txt     : 'text/plain',","        jpeg    : 'image/jpeg',","        jpg     : 'image/jpeg',","        png     : 'image/png',","        gif     : 'image/gif',","        ico     : 'image/x-icon',","        appcache: 'text/cache-manifest'","    },","    restrictedType: {","","    },","    errors:{","        headers : {","            'Content-Type' : 'text/plain'","        },","        404: '404 MIA',","        415: '415 File type not supported',","        403: '403 Access Denied',","        500: '500 {{err}}'","    }","};","","function serverLogging(data){","    fs.exists(","        this.log,","        function serverLogExsits(exists){","            data.timestamp=new Date().getTime();","","            const JSONData=JSON.stringify(data);","            let method='appendFile';","            if(!exists){","                method='writeFile';","            }","            fs[method](","                this.log,","                JSONData,","                function fsMethod(err) {","                    if(err){","                        console.log(err);","                    }","                }","            );","        }.bind(this)","    );","}","","","/**************************************\\"," *    Config Class."," * ************************************/","","class Config{","    constructor(userConfig){","        //for backwards compatibility","        const config = {};","        Object.defineProperties(","            config,","            {","                verbose     : {","                    value:defaultConfigs.verbose,","                    enumerable:true,","                    writable:true","                },","                port        : {","                    value:defaultConfigs.port,","                    enumerable:true,","                    writable:true","                },","                root        : {","                    value:defaultConfigs.root,","                    enumerable:true,","                    writable:true","                },","                domain      : {","                    value:defaultConfigs.domain,","                    enumerable:true,","                    writable:true","                },","                https       : {","                    value:defaultConfigs.https,","                    enumerable:true,","                    writable:true","                },","                log         : {","                    value:defaultConfigs.log,","                    enumerable:true,","                    writable:true","                },","                //pass this as config for custom logging","                logFunction : {","                    value:defaultConfigs.logFunction,","                    enumerable:true,","                    writable:true","                },","                domains     : {","                    value:defaultConfigs.domains,","                    enumerable:true,","                    writable:true","                },","                server      : {","                    value:defaultConfigs.server,","                    enumerable:true,","                    writable:true","                },","                contentType : {","                    value:defaultConfigs.contentType,","                    enumerable:true,","                    writable:true","                },","                restrictedType: {","                    value:defaultConfigs.restrictedType,","                    enumerable:true,","                    writable:true","                },","                errors      : {","                    value:defaultConfigs.errors,","                    enumerable:true,","                    writable:true","                }","            }","        );","","        if(userConfig){","            for(const k in userConfig){","                config[k]=userConfig[k];","            }","        }","","        //this is to allow backwards compatibility with configTemplate","        return config;","    }","}","","module.exports=Config;",""],"l":{"3":1,"5":1,"16":1,"17":0,"18":0,"30":1,"86":1,"87":0,"90":0,"92":0,"93":0,"94":0,"95":0,"97":0,"101":0,"102":0,"118":0,"119":0,"186":0,"187":0,"188":0,"193":0,"197":1}}}